02/04/2021 11:21:01 am - absPath = oauth.json
02/04/2021 11:21:01 am - file read = {"access_token":"98qjUIDqIWpn91m9pMUEXm9QULx5R4","refresh_token":"3p0dfaWrFHVm2GiyatAKtttBq12HXS","expiry":1612566003}
02/04/2021 11:21:28 am - absPath = oauth.json
02/04/2021 11:21:28 am - file read = {"access_token":"98qjUIDqIWpn91m9pMUEXm9QULx5R4","refresh_token":"3p0dfaWrFHVm2GiyatAKtttBq12HXS","expiry":1612566003}
02/04/2021 11:21:47 am - absPath = oauth.json
02/04/2021 11:21:47 am - file read = {"access_token":"98qjUIDqIWpn91m9pMUEXm9QULx5R4","refresh_token":"3p0dfaWrFHVm2GiyatAKtttBq12HXS","expiry":1612566003}
02/04/2021 11:23:12 am - absPath = oauth.json
02/04/2021 11:23:12 am - file read = {"access_token":"98qjUIDqIWpn91m9pMUEXm9QULx5R4","refresh_token":"3p0dfaWrFHVm2GiyatAKtttBq12HXS","expiry":1612566003}
02/04/2021 11:23:36 am - absPath = oauth.json
02/04/2021 11:23:36 am - file read = {"access_token":"98qjUIDqIWpn91m9pMUEXm9QULx5R4","refresh_token":"3p0dfaWrFHVm2GiyatAKtttBq12HXS","expiry":1612566003}
02/04/2021 11:23:55 am - absPath = oauth.json
02/04/2021 11:23:55 am - file read = {"access_token":"98qjUIDqIWpn91m9pMUEXm9QULx5R4","refresh_token":"3p0dfaWrFHVm2GiyatAKtttBq12HXS","expiry":1612566003}
02/04/2021 11:24:05 am - absPath = oauth.json
02/04/2021 11:24:05 am - file read = {"access_token":"98qjUIDqIWpn91m9pMUEXm9QULx5R4","refresh_token":"3p0dfaWrFHVm2GiyatAKtttBq12HXS","expiry":1612566003}
02/04/2021 11:26:07 am - absPath = oauth.json
02/04/2021 11:26:07 am - file read = {"access_token":"98qjUIDqIWpn91m9pMUEXm9QULx5R4","refresh_token":"3p0dfaWrFHVm2GiyatAKtttBq12HXS","expiry":1612566003}
02/04/2021 11:26:14 am - absPath = oauth.json
02/04/2021 11:26:14 am - file read = {"access_token":"98qjUIDqIWpn91m9pMUEXm9QULx5R4","refresh_token":"3p0dfaWrFHVm2GiyatAKtttBq12HXS","expiry":1612566003}
02/04/2021 11:29:25 am - absPath = oauth.json
02/04/2021 11:29:25 am - file read = {"access_token":"98qjUIDqIWpn91m9pMUEXm9QULx5R4","refresh_token":"3p0dfaWrFHVm2GiyatAKtttBq12HXS","expiry":1612566003}
02/04/2021 11:29:32 am - absPath = oauth.json
02/04/2021 11:29:32 am - file read = {"access_token":"98qjUIDqIWpn91m9pMUEXm9QULx5R4","refresh_token":"3p0dfaWrFHVm2GiyatAKtttBq12HXS","expiry":1612566003}
02/04/2021 11:30:55 am - absPath = oauth.json
02/04/2021 11:30:55 am - file read = {"access_token":"98qjUIDqIWpn91m9pMUEXm9QULx5R4","refresh_token":"3p0dfaWrFHVm2GiyatAKtttBq12HXS","expiry":1612566003}
02/04/2021 11:33:37 am - absPath = oauth.json
02/04/2021 11:33:37 am - file read = {"access_token":"98qjUIDqIWpn91m9pMUEXm9QULx5R4","refresh_token":"3p0dfaWrFHVm2GiyatAKtttBq12HXS","expiry":1612566003}
02/04/2021 11:33:45 am - absPath = oauth.json
02/04/2021 11:33:45 am - file read = {"access_token":"98qjUIDqIWpn91m9pMUEXm9QULx5R4","refresh_token":"3p0dfaWrFHVm2GiyatAKtttBq12HXS","expiry":1612566003}
02/04/2021 11:34:22 am - absPath = oauth.json
02/04/2021 11:34:22 am - file read = {"access_token":"98qjUIDqIWpn91m9pMUEXm9QULx5R4","refresh_token":"3p0dfaWrFHVm2GiyatAKtttBq12HXS","expiry":1612566003}
02/04/2021 11:34:46 am - absPath = oauth.json
02/04/2021 11:34:46 am - file read = {"access_token":"98qjUIDqIWpn91m9pMUEXm9QULx5R4","refresh_token":"3p0dfaWrFHVm2GiyatAKtttBq12HXS","expiry":1612566003}
02/04/2021 11:34:58 am - absPath = oauth.json
02/04/2021 11:34:58 am - file read = {"access_token":"98qjUIDqIWpn91m9pMUEXm9QULx5R4","refresh_token":"3p0dfaWrFHVm2GiyatAKtttBq12HXS","expiry":1612566003}
02/04/2021 11:36:05 am - absPath = oauth.json
02/04/2021 11:36:05 am - file read = {"access_token":"98qjUIDqIWpn91m9pMUEXm9QULx5R4","refresh_token":"3p0dfaWrFHVm2GiyatAKtttBq12HXS","expiry":1612566003}
02/04/2021 11:36:58 am - absPath = oauth.json
02/04/2021 11:36:58 am - file read = {"access_token":"98qjUIDqIWpn91m9pMUEXm9QULx5R4","refresh_token":"3p0dfaWrFHVm2GiyatAKtttBq12HXS","expiry":1612566003}
02/04/2021 11:37:05 am - absPath = oauth.json
02/04/2021 11:37:05 am - file read = {"access_token":"98qjUIDqIWpn91m9pMUEXm9QULx5R4","refresh_token":"3p0dfaWrFHVm2GiyatAKtttBq12HXS","expiry":1612566003}
02/04/2021 11:37:47 am - absPath = oauth.json
02/04/2021 11:37:47 am - file read = {"access_token":"98qjUIDqIWpn91m9pMUEXm9QULx5R4","refresh_token":"3p0dfaWrFHVm2GiyatAKtttBq12HXS","expiry":1612566003}
02/04/2021 11:39:37 am - absPath = oauth.json
02/04/2021 11:39:37 am - file read = {"access_token":"98qjUIDqIWpn91m9pMUEXm9QULx5R4","refresh_token":"3p0dfaWrFHVm2GiyatAKtttBq12HXS","expiry":1612566003}
02/04/2021 11:41:03 am - absPath = oauth.json
02/04/2021 11:41:03 am - file read = {"access_token":"98qjUIDqIWpn91m9pMUEXm9QULx5R4","refresh_token":"3p0dfaWrFHVm2GiyatAKtttBq12HXS","expiry":1612566003}
02/04/2021 11:50:40 am - absPath = oauth.json
02/04/2021 11:50:40 am - file read = {"access_token":"98qjUIDqIWpn91m9pMUEXm9QULx5R4","refresh_token":"3p0dfaWrFHVm2GiyatAKtttBq12HXS","expiry":1612566003}
02/04/2021 11:50:44 am - absPath = oauth.json
02/04/2021 11:50:44 am - file read = {"access_token":"98qjUIDqIWpn91m9pMUEXm9QULx5R4","refresh_token":"3p0dfaWrFHVm2GiyatAKtttBq12HXS","expiry":1612566003}
02/04/2021 11:56:46 am - absPath = oauth.json
02/04/2021 11:56:46 am - file read = {"access_token":"98qjUIDqIWpn91m9pMUEXm9QULx5R4","refresh_token":"3p0dfaWrFHVm2GiyatAKtttBq12HXS","expiry":1612566003}
02/04/2021 11:57:21 am - absPath = oauth.json
02/04/2021 11:57:21 am - file read = {"access_token":"98qjUIDqIWpn91m9pMUEXm9QULx5R4","refresh_token":"3p0dfaWrFHVm2GiyatAKtttBq12HXS","expiry":1612566003}
02/04/2021 11:59:01 am - absPath = oauth.json
02/04/2021 11:59:01 am - file read = {"access_token":"98qjUIDqIWpn91m9pMUEXm9QULx5R4","refresh_token":"3p0dfaWrFHVm2GiyatAKtttBq12HXS","expiry":1612566003}
02/04/2021 12:03:56 pm - absPath = oauth.json
02/04/2021 12:03:56 pm - file read = {"access_token":"98qjUIDqIWpn91m9pMUEXm9QULx5R4","refresh_token":"3p0dfaWrFHVm2GiyatAKtttBq12HXS","expiry":1612566003}
02/04/2021 12:03:56 pm - absPath = oauth.json
02/04/2021 12:03:56 pm - file read = {"access_token":"98qjUIDqIWpn91m9pMUEXm9QULx5R4","refresh_token":"3p0dfaWrFHVm2GiyatAKtttBq12HXS","expiry":1612566003}
02/04/2021 12:04:36 pm - absPath = oauth.json
02/04/2021 12:04:36 pm - file read = {"access_token":"98qjUIDqIWpn91m9pMUEXm9QULx5R4","refresh_token":"3p0dfaWrFHVm2GiyatAKtttBq12HXS","expiry":1612566003}
02/04/2021 12:04:36 pm - absPath = oauth.json
02/04/2021 12:04:36 pm - file read = {"access_token":"98qjUIDqIWpn91m9pMUEXm9QULx5R4","refresh_token":"3p0dfaWrFHVm2GiyatAKtttBq12HXS","expiry":1612566003}
02/04/2021 12:05:03 pm - absPath = oauth.json
02/04/2021 12:05:03 pm - file read = {"access_token":"98qjUIDqIWpn91m9pMUEXm9QULx5R4","refresh_token":"3p0dfaWrFHVm2GiyatAKtttBq12HXS","expiry":1612566003}
02/04/2021 12:05:22 pm - absPath = oauth.json
02/04/2021 12:05:22 pm - file read = {"access_token":"98qjUIDqIWpn91m9pMUEXm9QULx5R4","refresh_token":"3p0dfaWrFHVm2GiyatAKtttBq12HXS","expiry":1612566003}
02/04/2021 12:05:22 pm - absPath = oauth.json
02/04/2021 12:05:22 pm - file read = {"access_token":"98qjUIDqIWpn91m9pMUEXm9QULx5R4","refresh_token":"3p0dfaWrFHVm2GiyatAKtttBq12HXS","expiry":1612566003}
02/04/2021 12:05:22 pm - absPath = oauth.json
02/04/2021 12:05:22 pm - file read = {"access_token":"98qjUIDqIWpn91m9pMUEXm9QULx5R4","refresh_token":"3p0dfaWrFHVm2GiyatAKtttBq12HXS","expiry":1612566003}
02/04/2021 12:05:22 pm - absPath = oauth.json
02/04/2021 12:05:22 pm - file read = {"access_token":"98qjUIDqIWpn91m9pMUEXm9QULx5R4","refresh_token":"3p0dfaWrFHVm2GiyatAKtttBq12HXS","expiry":1612566003}
02/04/2021 12:05:22 pm - absPath = oauth.json
02/04/2021 12:05:22 pm - file read = {"access_token":"98qjUIDqIWpn91m9pMUEXm9QULx5R4","refresh_token":"3p0dfaWrFHVm2GiyatAKtttBq12HXS","expiry":1612566003}
02/04/2021 12:05:22 pm - absPath = oauth.json
02/04/2021 12:05:22 pm - file read = {"access_token":"98qjUIDqIWpn91m9pMUEXm9QULx5R4","refresh_token":"3p0dfaWrFHVm2GiyatAKtttBq12HXS","expiry":1612566003}
02/04/2021 12:05:22 pm - absPath = oauth.json
02/04/2021 12:05:22 pm - file read = {"access_token":"98qjUIDqIWpn91m9pMUEXm9QULx5R4","refresh_token":"3p0dfaWrFHVm2GiyatAKtttBq12HXS","expiry":1612566003}
02/04/2021 12:05:22 pm - absPath = oauth.json
02/04/2021 12:05:22 pm - file read = {"access_token":"98qjUIDqIWpn91m9pMUEXm9QULx5R4","refresh_token":"3p0dfaWrFHVm2GiyatAKtttBq12HXS","expiry":1612566003}
02/04/2021 12:05:22 pm - absPath = oauth.json
02/04/2021 12:05:22 pm - file read = {"access_token":"98qjUIDqIWpn91m9pMUEXm9QULx5R4","refresh_token":"3p0dfaWrFHVm2GiyatAKtttBq12HXS","expiry":1612566003}
02/04/2021 12:05:24 pm - absPath = oauth.json
02/04/2021 12:05:24 pm - file read = {"access_token":"98qjUIDqIWpn91m9pMUEXm9QULx5R4","refresh_token":"3p0dfaWrFHVm2GiyatAKtttBq12HXS","expiry":1612566003}
02/04/2021 12:05:24 pm - absPath = oauth.json
02/04/2021 12:05:24 pm - file read = {"access_token":"98qjUIDqIWpn91m9pMUEXm9QULx5R4","refresh_token":"3p0dfaWrFHVm2GiyatAKtttBq12HXS","expiry":1612566003}
02/04/2021 12:05:24 pm - absPath = oauth.json
02/04/2021 12:05:24 pm - file read = {"access_token":"98qjUIDqIWpn91m9pMUEXm9QULx5R4","refresh_token":"3p0dfaWrFHVm2GiyatAKtttBq12HXS","expiry":1612566003}
02/04/2021 12:05:24 pm - absPath = oauth.json
02/04/2021 12:05:24 pm - file read = {"access_token":"98qjUIDqIWpn91m9pMUEXm9QULx5R4","refresh_token":"3p0dfaWrFHVm2GiyatAKtttBq12HXS","expiry":1612566003}
02/04/2021 12:05:24 pm - absPath = oauth.json
02/04/2021 12:05:24 pm - file read = {"access_token":"98qjUIDqIWpn91m9pMUEXm9QULx5R4","refresh_token":"3p0dfaWrFHVm2GiyatAKtttBq12HXS","expiry":1612566003}
02/04/2021 12:05:24 pm - absPath = oauth.json
02/04/2021 12:05:24 pm - file read = {"access_token":"98qjUIDqIWpn91m9pMUEXm9QULx5R4","refresh_token":"3p0dfaWrFHVm2GiyatAKtttBq12HXS","expiry":1612566003}
02/04/2021 12:05:24 pm - absPath = oauth.json
02/04/2021 12:05:24 pm - file read = {"access_token":"98qjUIDqIWpn91m9pMUEXm9QULx5R4","refresh_token":"3p0dfaWrFHVm2GiyatAKtttBq12HXS","expiry":1612566003}
02/04/2021 12:05:24 pm - absPath = oauth.json
02/04/2021 12:05:24 pm - file read = {"access_token":"98qjUIDqIWpn91m9pMUEXm9QULx5R4","refresh_token":"3p0dfaWrFHVm2GiyatAKtttBq12HXS","expiry":1612566003}
02/04/2021 12:05:25 pm - absPath = oauth.json
02/04/2021 12:05:25 pm - file read = {"access_token":"98qjUIDqIWpn91m9pMUEXm9QULx5R4","refresh_token":"3p0dfaWrFHVm2GiyatAKtttBq12HXS","expiry":1612566003}
02/04/2021 12:05:25 pm - absPath = oauth.json
02/04/2021 12:05:25 pm - file read = {"access_token":"98qjUIDqIWpn91m9pMUEXm9QULx5R4","refresh_token":"3p0dfaWrFHVm2GiyatAKtttBq12HXS","expiry":1612566003}
02/04/2021 12:05:25 pm - absPath = oauth.json
02/04/2021 12:05:25 pm - file read = {"access_token":"98qjUIDqIWpn91m9pMUEXm9QULx5R4","refresh_token":"3p0dfaWrFHVm2GiyatAKtttBq12HXS","expiry":1612566003}
02/04/2021 12:05:26 pm - absPath = oauth.json
02/04/2021 12:05:26 pm - file read = {"access_token":"98qjUIDqIWpn91m9pMUEXm9QULx5R4","refresh_token":"3p0dfaWrFHVm2GiyatAKtttBq12HXS","expiry":1612566003}
02/04/2021 12:05:26 pm - absPath = oauth.json
02/04/2021 12:05:26 pm - file read = {"access_token":"98qjUIDqIWpn91m9pMUEXm9QULx5R4","refresh_token":"3p0dfaWrFHVm2GiyatAKtttBq12HXS","expiry":1612566003}
02/04/2021 12:05:26 pm - absPath = oauth.json
02/04/2021 12:05:26 pm - file read = {"access_token":"98qjUIDqIWpn91m9pMUEXm9QULx5R4","refresh_token":"3p0dfaWrFHVm2GiyatAKtttBq12HXS","expiry":1612566003}
02/04/2021 12:05:26 pm - absPath = oauth.json
02/04/2021 12:05:26 pm - file read = {"access_token":"98qjUIDqIWpn91m9pMUEXm9QULx5R4","refresh_token":"3p0dfaWrFHVm2GiyatAKtttBq12HXS","expiry":1612566003}
02/04/2021 12:05:26 pm - absPath = oauth.json
02/04/2021 12:05:26 pm - file read = {"access_token":"98qjUIDqIWpn91m9pMUEXm9QULx5R4","refresh_token":"3p0dfaWrFHVm2GiyatAKtttBq12HXS","expiry":1612566003}
02/04/2021 12:05:26 pm - absPath = oauth.json
02/04/2021 12:05:26 pm - file read = {"access_token":"98qjUIDqIWpn91m9pMUEXm9QULx5R4","refresh_token":"3p0dfaWrFHVm2GiyatAKtttBq12HXS","expiry":1612566003}
02/04/2021 12:05:27 pm - absPath = oauth.json
02/04/2021 12:05:27 pm - file read = {"access_token":"98qjUIDqIWpn91m9pMUEXm9QULx5R4","refresh_token":"3p0dfaWrFHVm2GiyatAKtttBq12HXS","expiry":1612566003}
02/04/2021 12:05:27 pm - absPath = oauth.json
02/04/2021 12:05:27 pm - file read = {"access_token":"98qjUIDqIWpn91m9pMUEXm9QULx5R4","refresh_token":"3p0dfaWrFHVm2GiyatAKtttBq12HXS","expiry":1612566003}
02/04/2021 12:05:27 pm - absPath = oauth.json
02/04/2021 12:05:27 pm - file read = {"access_token":"98qjUIDqIWpn91m9pMUEXm9QULx5R4","refresh_token":"3p0dfaWrFHVm2GiyatAKtttBq12HXS","expiry":1612566003}
02/04/2021 12:05:28 pm - absPath = oauth.json
02/04/2021 12:05:28 pm - file read = {"access_token":"98qjUIDqIWpn91m9pMUEXm9QULx5R4","refresh_token":"3p0dfaWrFHVm2GiyatAKtttBq12HXS","expiry":1612566003}
02/04/2021 12:05:28 pm - absPath = oauth.json
02/04/2021 12:05:28 pm - file read = {"access_token":"98qjUIDqIWpn91m9pMUEXm9QULx5R4","refresh_token":"3p0dfaWrFHVm2GiyatAKtttBq12HXS","expiry":1612566003}
02/04/2021 12:05:28 pm - absPath = oauth.json
02/04/2021 12:05:28 pm - file read = {"access_token":"98qjUIDqIWpn91m9pMUEXm9QULx5R4","refresh_token":"3p0dfaWrFHVm2GiyatAKtttBq12HXS","expiry":1612566003}
02/04/2021 12:05:28 pm - absPath = oauth.json
02/04/2021 12:05:28 pm - file read = {"access_token":"98qjUIDqIWpn91m9pMUEXm9QULx5R4","refresh_token":"3p0dfaWrFHVm2GiyatAKtttBq12HXS","expiry":1612566003}
02/04/2021 12:05:29 pm - absPath = oauth.json
02/04/2021 12:05:29 pm - file read = {"access_token":"98qjUIDqIWpn91m9pMUEXm9QULx5R4","refresh_token":"3p0dfaWrFHVm2GiyatAKtttBq12HXS","expiry":1612566003}
02/04/2021 12:05:29 pm - absPath = oauth.json
02/04/2021 12:05:29 pm - file read = {"access_token":"98qjUIDqIWpn91m9pMUEXm9QULx5R4","refresh_token":"3p0dfaWrFHVm2GiyatAKtttBq12HXS","expiry":1612566003}
02/04/2021 12:05:29 pm - absPath = oauth.json
02/04/2021 12:05:29 pm - file read = {"access_token":"98qjUIDqIWpn91m9pMUEXm9QULx5R4","refresh_token":"3p0dfaWrFHVm2GiyatAKtttBq12HXS","expiry":1612566003}
02/04/2021 12:05:29 pm - absPath = oauth.json
02/04/2021 12:05:29 pm - file read = {"access_token":"98qjUIDqIWpn91m9pMUEXm9QULx5R4","refresh_token":"3p0dfaWrFHVm2GiyatAKtttBq12HXS","expiry":1612566003}
02/04/2021 12:05:29 pm - absPath = oauth.json
02/04/2021 12:05:29 pm - file read = {"access_token":"98qjUIDqIWpn91m9pMUEXm9QULx5R4","refresh_token":"3p0dfaWrFHVm2GiyatAKtttBq12HXS","expiry":1612566003}
02/04/2021 12:05:29 pm - absPath = oauth.json
02/04/2021 12:05:29 pm - file read = {"access_token":"98qjUIDqIWpn91m9pMUEXm9QULx5R4","refresh_token":"3p0dfaWrFHVm2GiyatAKtttBq12HXS","expiry":1612566003}
02/04/2021 12:05:30 pm - absPath = oauth.json
02/04/2021 12:05:30 pm - file read = {"access_token":"98qjUIDqIWpn91m9pMUEXm9QULx5R4","refresh_token":"3p0dfaWrFHVm2GiyatAKtttBq12HXS","expiry":1612566003}
02/04/2021 12:05:30 pm - absPath = oauth.json
02/04/2021 12:05:30 pm - file read = {"access_token":"98qjUIDqIWpn91m9pMUEXm9QULx5R4","refresh_token":"3p0dfaWrFHVm2GiyatAKtttBq12HXS","expiry":1612566003}
02/04/2021 12:05:30 pm - absPath = oauth.json
02/04/2021 12:05:30 pm - file read = {"access_token":"98qjUIDqIWpn91m9pMUEXm9QULx5R4","refresh_token":"3p0dfaWrFHVm2GiyatAKtttBq12HXS","expiry":1612566003}
02/04/2021 12:05:30 pm - absPath = oauth.json
02/04/2021 12:05:30 pm - file read = {"access_token":"98qjUIDqIWpn91m9pMUEXm9QULx5R4","refresh_token":"3p0dfaWrFHVm2GiyatAKtttBq12HXS","expiry":1612566003}
02/04/2021 12:05:31 pm - absPath = oauth.json
02/04/2021 12:05:31 pm - file read = {"access_token":"98qjUIDqIWpn91m9pMUEXm9QULx5R4","refresh_token":"3p0dfaWrFHVm2GiyatAKtttBq12HXS","expiry":1612566003}
02/04/2021 12:05:31 pm - absPath = oauth.json
02/04/2021 12:05:31 pm - file read = {"access_token":"98qjUIDqIWpn91m9pMUEXm9QULx5R4","refresh_token":"3p0dfaWrFHVm2GiyatAKtttBq12HXS","expiry":1612566003}
02/04/2021 12:05:31 pm - absPath = oauth.json
02/04/2021 12:05:31 pm - file read = {"access_token":"98qjUIDqIWpn91m9pMUEXm9QULx5R4","refresh_token":"3p0dfaWrFHVm2GiyatAKtttBq12HXS","expiry":1612566003}
02/04/2021 12:05:31 pm - absPath = oauth.json
02/04/2021 12:05:31 pm - file read = {"access_token":"98qjUIDqIWpn91m9pMUEXm9QULx5R4","refresh_token":"3p0dfaWrFHVm2GiyatAKtttBq12HXS","expiry":1612566003}
02/04/2021 12:05:36 pm - absPath = oauth.json
02/04/2021 12:05:36 pm - file read = {"access_token":"98qjUIDqIWpn91m9pMUEXm9QULx5R4","refresh_token":"3p0dfaWrFHVm2GiyatAKtttBq12HXS","expiry":1612566003}
02/04/2021 12:05:51 pm - absPath = oauth.json
02/04/2021 12:05:51 pm - file read = {"access_token":"98qjUIDqIWpn91m9pMUEXm9QULx5R4","refresh_token":"3p0dfaWrFHVm2GiyatAKtttBq12HXS","expiry":1612566003}
02/04/2021 12:14:24 pm - absPath = oauth.json
02/04/2021 12:14:24 pm - file read = {"access_token":"98qjUIDqIWpn91m9pMUEXm9QULx5R4","refresh_token":"3p0dfaWrFHVm2GiyatAKtttBq12HXS","expiry":1612566003}
02/04/2021 12:15:16 pm - absPath = oauth.json
02/04/2021 12:15:16 pm - file read = {"access_token":"98qjUIDqIWpn91m9pMUEXm9QULx5R4","refresh_token":"3p0dfaWrFHVm2GiyatAKtttBq12HXS","expiry":1612566003}
02/04/2021 12:15:39 pm - absPath = oauth.json
02/04/2021 12:15:39 pm - file read = {"access_token":"98qjUIDqIWpn91m9pMUEXm9QULx5R4","refresh_token":"3p0dfaWrFHVm2GiyatAKtttBq12HXS","expiry":1612566003}
02/04/2021 12:15:41 pm - absPath = oauth.json
02/04/2021 12:15:41 pm - file read = {"access_token":"98qjUIDqIWpn91m9pMUEXm9QULx5R4","refresh_token":"3p0dfaWrFHVm2GiyatAKtttBq12HXS","expiry":1612566003}
02/04/2021 12:15:45 pm - absPath = oauth.json
02/04/2021 12:15:45 pm - file read = {"access_token":"98qjUIDqIWpn91m9pMUEXm9QULx5R4","refresh_token":"3p0dfaWrFHVm2GiyatAKtttBq12HXS","expiry":1612566003}
02/04/2021 12:15:50 pm - absPath = oauth.json
02/04/2021 12:15:50 pm - file read = {"access_token":"98qjUIDqIWpn91m9pMUEXm9QULx5R4","refresh_token":"3p0dfaWrFHVm2GiyatAKtttBq12HXS","expiry":1612566003}
02/04/2021 12:15:55 pm - absPath = oauth.json
02/04/2021 12:15:55 pm - file read = {"access_token":"98qjUIDqIWpn91m9pMUEXm9QULx5R4","refresh_token":"3p0dfaWrFHVm2GiyatAKtttBq12HXS","expiry":1612566003}
02/04/2021 12:15:58 pm - absPath = oauth.json
02/04/2021 12:15:58 pm - file read = {"access_token":"98qjUIDqIWpn91m9pMUEXm9QULx5R4","refresh_token":"3p0dfaWrFHVm2GiyatAKtttBq12HXS","expiry":1612566003}
02/04/2021 12:16:05 pm - absPath = oauth.json
02/04/2021 12:16:05 pm - file read = {"access_token":"98qjUIDqIWpn91m9pMUEXm9QULx5R4","refresh_token":"3p0dfaWrFHVm2GiyatAKtttBq12HXS","expiry":1612566003}
02/04/2021 12:16:18 pm - absPath = oauth.json
02/04/2021 12:16:18 pm - file read = {"access_token":"98qjUIDqIWpn91m9pMUEXm9QULx5R4","refresh_token":"3p0dfaWrFHVm2GiyatAKtttBq12HXS","expiry":1612566003}
02/04/2021 12:16:22 pm - absPath = oauth.json
02/04/2021 12:16:22 pm - file read = {"access_token":"98qjUIDqIWpn91m9pMUEXm9QULx5R4","refresh_token":"3p0dfaWrFHVm2GiyatAKtttBq12HXS","expiry":1612566003}
02/04/2021 12:16:26 pm - absPath = oauth.json
02/04/2021 12:16:26 pm - file read = {"access_token":"98qjUIDqIWpn91m9pMUEXm9QULx5R4","refresh_token":"3p0dfaWrFHVm2GiyatAKtttBq12HXS","expiry":1612566003}
02/04/2021 12:19:02 pm - absPath = oauth.json
02/04/2021 12:19:02 pm - file read = {"access_token":"98qjUIDqIWpn91m9pMUEXm9QULx5R4","refresh_token":"3p0dfaWrFHVm2GiyatAKtttBq12HXS","expiry":1612566003}
02/04/2021 12:19:37 pm - absPath = oauth.json
02/04/2021 12:19:37 pm - file read = {"access_token":"98qjUIDqIWpn91m9pMUEXm9QULx5R4","refresh_token":"3p0dfaWrFHVm2GiyatAKtttBq12HXS","expiry":1612566003}
02/04/2021 12:19:38 pm - absPath = oauth.json
02/04/2021 12:19:38 pm - file read = {"access_token":"98qjUIDqIWpn91m9pMUEXm9QULx5R4","refresh_token":"3p0dfaWrFHVm2GiyatAKtttBq12HXS","expiry":1612566003}
02/04/2021 12:21:14 pm - absPath = oauth.json
02/04/2021 12:21:14 pm - file read = {"access_token":"98qjUIDqIWpn91m9pMUEXm9QULx5R4","refresh_token":"3p0dfaWrFHVm2GiyatAKtttBq12HXS","expiry":1612566003}
02/04/2021 12:21:14 pm - absPath = oauth.json
02/04/2021 12:21:14 pm - file read = {"access_token":"98qjUIDqIWpn91m9pMUEXm9QULx5R4","refresh_token":"3p0dfaWrFHVm2GiyatAKtttBq12HXS","expiry":1612566003}
02/04/2021 12:21:35 pm - absPath = oauth.json
02/04/2021 12:21:35 pm - file read = {"access_token":"98qjUIDqIWpn91m9pMUEXm9QULx5R4","refresh_token":"3p0dfaWrFHVm2GiyatAKtttBq12HXS","expiry":1612566003}
02/04/2021 12:21:35 pm - absPath = oauth.json
02/04/2021 12:21:35 pm - file read = {"access_token":"98qjUIDqIWpn91m9pMUEXm9QULx5R4","refresh_token":"3p0dfaWrFHVm2GiyatAKtttBq12HXS","expiry":1612566003}
02/04/2021 12:22:31 pm - absPath = oauth.json
02/04/2021 12:22:31 pm - file read = {"access_token":"98qjUIDqIWpn91m9pMUEXm9QULx5R4","refresh_token":"3p0dfaWrFHVm2GiyatAKtttBq12HXS","expiry":1612566003}
02/04/2021 12:23:41 pm - absPath = oauth.json
02/04/2021 12:23:41 pm - file read = {"access_token":"98qjUIDqIWpn91m9pMUEXm9QULx5R4","refresh_token":"3p0dfaWrFHVm2GiyatAKtttBq12HXS","expiry":1612566003}
02/04/2021 12:30:46 pm - absPath = oauth.json
02/04/2021 12:30:46 pm - file read = {"access_token":"98qjUIDqIWpn91m9pMUEXm9QULx5R4","refresh_token":"3p0dfaWrFHVm2GiyatAKtttBq12HXS","expiry":1612566003}
02/04/2021 12:31:17 pm - absPath = oauth.json
02/04/2021 12:31:17 pm - file read = {"access_token":"98qjUIDqIWpn91m9pMUEXm9QULx5R4","refresh_token":"3p0dfaWrFHVm2GiyatAKtttBq12HXS","expiry":1612566003}
02/04/2021 12:36:02 pm - absPath = oauth.json
02/04/2021 12:36:02 pm - file read = {"access_token":"98qjUIDqIWpn91m9pMUEXm9QULx5R4","refresh_token":"3p0dfaWrFHVm2GiyatAKtttBq12HXS","expiry":1612566003}
02/04/2021 12:39:49 pm - absPath = oauth.json
02/04/2021 12:39:49 pm - file read = {"access_token":"98qjUIDqIWpn91m9pMUEXm9QULx5R4","refresh_token":"3p0dfaWrFHVm2GiyatAKtttBq12HXS","expiry":1612566003}
02/04/2021 12:41:12 pm - absPath = oauth.json
02/04/2021 12:41:12 pm - file read = {"access_token":"98qjUIDqIWpn91m9pMUEXm9QULx5R4","refresh_token":"3p0dfaWrFHVm2GiyatAKtttBq12HXS","expiry":1612566003}
02/04/2021 12:43:26 pm - absPath = oauth.json
02/04/2021 12:43:26 pm - file read = {"access_token":"98qjUIDqIWpn91m9pMUEXm9QULx5R4","refresh_token":"3p0dfaWrFHVm2GiyatAKtttBq12HXS","expiry":1612566003}
02/04/2021 12:43:39 pm - absPath = oauth.json
02/04/2021 12:43:39 pm - file read = {"access_token":"98qjUIDqIWpn91m9pMUEXm9QULx5R4","refresh_token":"3p0dfaWrFHVm2GiyatAKtttBq12HXS","expiry":1612566003}
02/04/2021 12:43:47 pm - absPath = oauth.json
02/04/2021 12:43:47 pm - file read = {"access_token":"98qjUIDqIWpn91m9pMUEXm9QULx5R4","refresh_token":"3p0dfaWrFHVm2GiyatAKtttBq12HXS","expiry":1612566003}
02/04/2021 12:46:40 pm - absPath = oauth.json
02/04/2021 12:46:40 pm - file read = {"access_token":"98qjUIDqIWpn91m9pMUEXm9QULx5R4","refresh_token":"3p0dfaWrFHVm2GiyatAKtttBq12HXS","expiry":1612566003}
02/04/2021 12:46:40 pm - absPath = oauth.json
02/04/2021 12:46:40 pm - file read = {"access_token":"98qjUIDqIWpn91m9pMUEXm9QULx5R4","refresh_token":"3p0dfaWrFHVm2GiyatAKtttBq12HXS","expiry":1612566003}
02/04/2021 12:48:27 pm - absPath = oauth.json
02/04/2021 12:48:27 pm - file read = {"access_token":"98qjUIDqIWpn91m9pMUEXm9QULx5R4","refresh_token":"3p0dfaWrFHVm2GiyatAKtttBq12HXS","expiry":1612566003}
02/04/2021 12:53:32 pm - absPath = oauth.json
02/04/2021 12:53:32 pm - file read = {"access_token":"98qjUIDqIWpn91m9pMUEXm9QULx5R4","refresh_token":"3p0dfaWrFHVm2GiyatAKtttBq12HXS","expiry":1612566003}
02/04/2021 12:53:45 pm - absPath = oauth.json
02/04/2021 12:53:45 pm - file read = {"access_token":"98qjUIDqIWpn91m9pMUEXm9QULx5R4","refresh_token":"3p0dfaWrFHVm2GiyatAKtttBq12HXS","expiry":1612566003}
02/04/2021 12:58:44 pm - absPath = oauth.json
02/04/2021 12:58:44 pm - file read = {"access_token":"98qjUIDqIWpn91m9pMUEXm9QULx5R4","refresh_token":"3p0dfaWrFHVm2GiyatAKtttBq12HXS","expiry":1612566003}
02/04/2021 12:59:17 pm - absPath = oauth.json
02/04/2021 12:59:17 pm - file read = {"access_token":"98qjUIDqIWpn91m9pMUEXm9QULx5R4","refresh_token":"3p0dfaWrFHVm2GiyatAKtttBq12HXS","expiry":1612566003}
02/04/2021 01:00:00 pm - absPath = oauth.json
02/04/2021 01:00:00 pm - file read = {"access_token":"98qjUIDqIWpn91m9pMUEXm9QULx5R4","refresh_token":"3p0dfaWrFHVm2GiyatAKtttBq12HXS","expiry":1612566003}
02/04/2021 01:00:38 pm - absPath = oauth.json
02/04/2021 01:00:38 pm - file read = {"access_token":"98qjUIDqIWpn91m9pMUEXm9QULx5R4","refresh_token":"3p0dfaWrFHVm2GiyatAKtttBq12HXS","expiry":1612566003}
02/04/2021 01:01:04 pm - absPath = oauth.json
02/04/2021 01:01:04 pm - file read = {"access_token":"98qjUIDqIWpn91m9pMUEXm9QULx5R4","refresh_token":"3p0dfaWrFHVm2GiyatAKtttBq12HXS","expiry":1612566003}
02/04/2021 01:01:39 pm - absPath = oauth.json
02/04/2021 01:01:39 pm - file read = {"access_token":"98qjUIDqIWpn91m9pMUEXm9QULx5R4","refresh_token":"3p0dfaWrFHVm2GiyatAKtttBq12HXS","expiry":1612566003}
02/04/2021 01:01:59 pm - absPath = oauth.json
02/04/2021 01:01:59 pm - file read = {"access_token":"98qjUIDqIWpn91m9pMUEXm9QULx5R4","refresh_token":"3p0dfaWrFHVm2GiyatAKtttBq12HXS","expiry":1612566003}
02/04/2021 01:02:05 pm - absPath = oauth.json
02/04/2021 01:02:05 pm - file read = {"access_token":"98qjUIDqIWpn91m9pMUEXm9QULx5R4","refresh_token":"3p0dfaWrFHVm2GiyatAKtttBq12HXS","expiry":1612566003}
02/04/2021 01:02:12 pm - absPath = oauth.json
02/04/2021 01:02:12 pm - file read = {"access_token":"98qjUIDqIWpn91m9pMUEXm9QULx5R4","refresh_token":"3p0dfaWrFHVm2GiyatAKtttBq12HXS","expiry":1612566003}
02/04/2021 01:02:22 pm - absPath = oauth.json
02/04/2021 01:02:22 pm - file read = {"access_token":"98qjUIDqIWpn91m9pMUEXm9QULx5R4","refresh_token":"3p0dfaWrFHVm2GiyatAKtttBq12HXS","expiry":1612566003}
02/04/2021 01:02:26 pm - absPath = oauth.json
02/04/2021 01:02:26 pm - file read = {"access_token":"98qjUIDqIWpn91m9pMUEXm9QULx5R4","refresh_token":"3p0dfaWrFHVm2GiyatAKtttBq12HXS","expiry":1612566003}
02/04/2021 01:02:33 pm - absPath = oauth.json
02/04/2021 01:02:33 pm - file read = {"access_token":"98qjUIDqIWpn91m9pMUEXm9QULx5R4","refresh_token":"3p0dfaWrFHVm2GiyatAKtttBq12HXS","expiry":1612566003}
02/04/2021 01:02:54 pm - absPath = oauth.json
02/04/2021 01:02:54 pm - file read = {"access_token":"98qjUIDqIWpn91m9pMUEXm9QULx5R4","refresh_token":"3p0dfaWrFHVm2GiyatAKtttBq12HXS","expiry":1612566003}
02/04/2021 01:03:02 pm - absPath = oauth.json
02/04/2021 01:03:02 pm - file read = {"access_token":"98qjUIDqIWpn91m9pMUEXm9QULx5R4","refresh_token":"3p0dfaWrFHVm2GiyatAKtttBq12HXS","expiry":1612566003}
02/04/2021 01:03:10 pm - absPath = oauth.json
02/04/2021 01:03:10 pm - file read = {"access_token":"98qjUIDqIWpn91m9pMUEXm9QULx5R4","refresh_token":"3p0dfaWrFHVm2GiyatAKtttBq12HXS","expiry":1612566003}
02/04/2021 01:03:19 pm - absPath = oauth.json
02/04/2021 01:03:19 pm - file read = {"access_token":"98qjUIDqIWpn91m9pMUEXm9QULx5R4","refresh_token":"3p0dfaWrFHVm2GiyatAKtttBq12HXS","expiry":1612566003}
02/04/2021 01:03:34 pm - absPath = oauth.json
02/04/2021 01:03:34 pm - file read = {"access_token":"98qjUIDqIWpn91m9pMUEXm9QULx5R4","refresh_token":"3p0dfaWrFHVm2GiyatAKtttBq12HXS","expiry":1612566003}
02/04/2021 01:04:03 pm - absPath = oauth.json
02/04/2021 01:04:03 pm - file read = {"access_token":"98qjUIDqIWpn91m9pMUEXm9QULx5R4","refresh_token":"3p0dfaWrFHVm2GiyatAKtttBq12HXS","expiry":1612566003}
02/04/2021 01:04:16 pm - absPath = oauth.json
02/04/2021 01:04:16 pm - file read = {"access_token":"98qjUIDqIWpn91m9pMUEXm9QULx5R4","refresh_token":"3p0dfaWrFHVm2GiyatAKtttBq12HXS","expiry":1612566003}
02/04/2021 01:04:36 pm - absPath = oauth.json
02/04/2021 01:04:36 pm - file read = {"access_token":"98qjUIDqIWpn91m9pMUEXm9QULx5R4","refresh_token":"3p0dfaWrFHVm2GiyatAKtttBq12HXS","expiry":1612566003}
02/04/2021 01:04:43 pm - absPath = oauth.json
02/04/2021 01:04:43 pm - file read = {"access_token":"98qjUIDqIWpn91m9pMUEXm9QULx5R4","refresh_token":"3p0dfaWrFHVm2GiyatAKtttBq12HXS","expiry":1612566003}
02/04/2021 01:04:43 pm - absPath = oauth.json
02/04/2021 01:04:43 pm - file read = {"access_token":"98qjUIDqIWpn91m9pMUEXm9QULx5R4","refresh_token":"3p0dfaWrFHVm2GiyatAKtttBq12HXS","expiry":1612566003}
02/04/2021 01:04:53 pm - absPath = oauth.json
02/04/2021 01:04:53 pm - file read = {"access_token":"98qjUIDqIWpn91m9pMUEXm9QULx5R4","refresh_token":"3p0dfaWrFHVm2GiyatAKtttBq12HXS","expiry":1612566003}
02/04/2021 01:04:53 pm - absPath = oauth.json
02/04/2021 01:04:53 pm - file read = {"access_token":"98qjUIDqIWpn91m9pMUEXm9QULx5R4","refresh_token":"3p0dfaWrFHVm2GiyatAKtttBq12HXS","expiry":1612566003}
02/04/2021 01:05:23 pm - absPath = oauth.json
02/04/2021 01:05:23 pm - file read = {"access_token":"98qjUIDqIWpn91m9pMUEXm9QULx5R4","refresh_token":"3p0dfaWrFHVm2GiyatAKtttBq12HXS","expiry":1612566003}
02/04/2021 01:05:23 pm - absPath = oauth.json
02/04/2021 01:05:23 pm - file read = {"access_token":"98qjUIDqIWpn91m9pMUEXm9QULx5R4","refresh_token":"3p0dfaWrFHVm2GiyatAKtttBq12HXS","expiry":1612566003}
02/04/2021 01:05:23 pm - absPath = oauth.json
02/04/2021 01:05:23 pm - file read = {"access_token":"98qjUIDqIWpn91m9pMUEXm9QULx5R4","refresh_token":"3p0dfaWrFHVm2GiyatAKtttBq12HXS","expiry":1612566003}
02/04/2021 01:05:24 pm - absPath = oauth.json
02/04/2021 01:05:24 pm - file read = {"access_token":"98qjUIDqIWpn91m9pMUEXm9QULx5R4","refresh_token":"3p0dfaWrFHVm2GiyatAKtttBq12HXS","expiry":1612566003}
02/04/2021 01:05:24 pm - absPath = oauth.json
02/04/2021 01:05:24 pm - file read = {"access_token":"98qjUIDqIWpn91m9pMUEXm9QULx5R4","refresh_token":"3p0dfaWrFHVm2GiyatAKtttBq12HXS","expiry":1612566003}
02/04/2021 01:05:24 pm - absPath = oauth.json
02/04/2021 01:05:24 pm - file read = {"access_token":"98qjUIDqIWpn91m9pMUEXm9QULx5R4","refresh_token":"3p0dfaWrFHVm2GiyatAKtttBq12HXS","expiry":1612566003}
02/04/2021 01:05:24 pm - absPath = oauth.json
02/04/2021 01:05:24 pm - file read = {"access_token":"98qjUIDqIWpn91m9pMUEXm9QULx5R4","refresh_token":"3p0dfaWrFHVm2GiyatAKtttBq12HXS","expiry":1612566003}
02/04/2021 01:05:25 pm - absPath = oauth.json
02/04/2021 01:05:25 pm - file read = {"access_token":"98qjUIDqIWpn91m9pMUEXm9QULx5R4","refresh_token":"3p0dfaWrFHVm2GiyatAKtttBq12HXS","expiry":1612566003}
02/04/2021 01:05:25 pm - absPath = oauth.json
02/04/2021 01:05:25 pm - file read = {"access_token":"98qjUIDqIWpn91m9pMUEXm9QULx5R4","refresh_token":"3p0dfaWrFHVm2GiyatAKtttBq12HXS","expiry":1612566003}
02/04/2021 01:05:26 pm - absPath = oauth.json
02/04/2021 01:05:26 pm - file read = {"access_token":"98qjUIDqIWpn91m9pMUEXm9QULx5R4","refresh_token":"3p0dfaWrFHVm2GiyatAKtttBq12HXS","expiry":1612566003}
02/04/2021 01:05:26 pm - absPath = oauth.json
02/04/2021 01:05:26 pm - file read = {"access_token":"98qjUIDqIWpn91m9pMUEXm9QULx5R4","refresh_token":"3p0dfaWrFHVm2GiyatAKtttBq12HXS","expiry":1612566003}
02/04/2021 01:05:26 pm - absPath = oauth.json
02/04/2021 01:05:26 pm - file read = {"access_token":"98qjUIDqIWpn91m9pMUEXm9QULx5R4","refresh_token":"3p0dfaWrFHVm2GiyatAKtttBq12HXS","expiry":1612566003}
02/04/2021 01:05:26 pm - absPath = oauth.json
02/04/2021 01:05:26 pm - file read = {"access_token":"98qjUIDqIWpn91m9pMUEXm9QULx5R4","refresh_token":"3p0dfaWrFHVm2GiyatAKtttBq12HXS","expiry":1612566003}
02/04/2021 01:05:26 pm - absPath = oauth.json
02/04/2021 01:05:26 pm - file read = {"access_token":"98qjUIDqIWpn91m9pMUEXm9QULx5R4","refresh_token":"3p0dfaWrFHVm2GiyatAKtttBq12HXS","expiry":1612566003}
02/04/2021 01:05:26 pm - absPath = oauth.json
02/04/2021 01:05:26 pm - file read = {"access_token":"98qjUIDqIWpn91m9pMUEXm9QULx5R4","refresh_token":"3p0dfaWrFHVm2GiyatAKtttBq12HXS","expiry":1612566003}
02/04/2021 01:05:26 pm - absPath = oauth.json
02/04/2021 01:05:26 pm - file read = {"access_token":"98qjUIDqIWpn91m9pMUEXm9QULx5R4","refresh_token":"3p0dfaWrFHVm2GiyatAKtttBq12HXS","expiry":1612566003}
02/04/2021 01:05:27 pm - absPath = oauth.json
02/04/2021 01:05:27 pm - file read = {"access_token":"98qjUIDqIWpn91m9pMUEXm9QULx5R4","refresh_token":"3p0dfaWrFHVm2GiyatAKtttBq12HXS","expiry":1612566003}
02/04/2021 01:05:27 pm - absPath = oauth.json
02/04/2021 01:05:27 pm - file read = {"access_token":"98qjUIDqIWpn91m9pMUEXm9QULx5R4","refresh_token":"3p0dfaWrFHVm2GiyatAKtttBq12HXS","expiry":1612566003}
02/04/2021 01:05:28 pm - absPath = oauth.json
02/04/2021 01:05:28 pm - file read = {"access_token":"98qjUIDqIWpn91m9pMUEXm9QULx5R4","refresh_token":"3p0dfaWrFHVm2GiyatAKtttBq12HXS","expiry":1612566003}
02/04/2021 01:05:28 pm - absPath = oauth.json
02/04/2021 01:05:28 pm - file read = {"access_token":"98qjUIDqIWpn91m9pMUEXm9QULx5R4","refresh_token":"3p0dfaWrFHVm2GiyatAKtttBq12HXS","expiry":1612566003}
02/04/2021 01:05:28 pm - absPath = oauth.json
02/04/2021 01:05:28 pm - file read = {"access_token":"98qjUIDqIWpn91m9pMUEXm9QULx5R4","refresh_token":"3p0dfaWrFHVm2GiyatAKtttBq12HXS","expiry":1612566003}
02/04/2021 01:05:28 pm - absPath = oauth.json
02/04/2021 01:05:28 pm - file read = {"access_token":"98qjUIDqIWpn91m9pMUEXm9QULx5R4","refresh_token":"3p0dfaWrFHVm2GiyatAKtttBq12HXS","expiry":1612566003}
02/04/2021 01:05:28 pm - absPath = oauth.json
02/04/2021 01:05:28 pm - file read = {"access_token":"98qjUIDqIWpn91m9pMUEXm9QULx5R4","refresh_token":"3p0dfaWrFHVm2GiyatAKtttBq12HXS","expiry":1612566003}
02/04/2021 01:05:28 pm - absPath = oauth.json
02/04/2021 01:05:28 pm - file read = {"access_token":"98qjUIDqIWpn91m9pMUEXm9QULx5R4","refresh_token":"3p0dfaWrFHVm2GiyatAKtttBq12HXS","expiry":1612566003}
02/04/2021 01:05:28 pm - absPath = oauth.json
02/04/2021 01:05:28 pm - file read = {"access_token":"98qjUIDqIWpn91m9pMUEXm9QULx5R4","refresh_token":"3p0dfaWrFHVm2GiyatAKtttBq12HXS","expiry":1612566003}
02/04/2021 01:05:29 pm - absPath = oauth.json
02/04/2021 01:05:29 pm - file read = {"access_token":"98qjUIDqIWpn91m9pMUEXm9QULx5R4","refresh_token":"3p0dfaWrFHVm2GiyatAKtttBq12HXS","expiry":1612566003}
02/04/2021 01:05:29 pm - absPath = oauth.json
02/04/2021 01:05:29 pm - file read = {"access_token":"98qjUIDqIWpn91m9pMUEXm9QULx5R4","refresh_token":"3p0dfaWrFHVm2GiyatAKtttBq12HXS","expiry":1612566003}
02/04/2021 01:05:29 pm - absPath = oauth.json
02/04/2021 01:05:29 pm - file read = {"access_token":"98qjUIDqIWpn91m9pMUEXm9QULx5R4","refresh_token":"3p0dfaWrFHVm2GiyatAKtttBq12HXS","expiry":1612566003}
02/04/2021 01:05:29 pm - absPath = oauth.json
02/04/2021 01:05:29 pm - file read = {"access_token":"98qjUIDqIWpn91m9pMUEXm9QULx5R4","refresh_token":"3p0dfaWrFHVm2GiyatAKtttBq12HXS","expiry":1612566003}
02/04/2021 01:05:29 pm - absPath = oauth.json
02/04/2021 01:05:29 pm - file read = {"access_token":"98qjUIDqIWpn91m9pMUEXm9QULx5R4","refresh_token":"3p0dfaWrFHVm2GiyatAKtttBq12HXS","expiry":1612566003}
02/04/2021 01:05:29 pm - absPath = oauth.json
02/04/2021 01:05:29 pm - file read = {"access_token":"98qjUIDqIWpn91m9pMUEXm9QULx5R4","refresh_token":"3p0dfaWrFHVm2GiyatAKtttBq12HXS","expiry":1612566003}
02/04/2021 01:05:29 pm - absPath = oauth.json
02/04/2021 01:05:29 pm - file read = {"access_token":"98qjUIDqIWpn91m9pMUEXm9QULx5R4","refresh_token":"3p0dfaWrFHVm2GiyatAKtttBq12HXS","expiry":1612566003}
02/04/2021 01:05:29 pm - absPath = oauth.json
02/04/2021 01:05:29 pm - file read = {"access_token":"98qjUIDqIWpn91m9pMUEXm9QULx5R4","refresh_token":"3p0dfaWrFHVm2GiyatAKtttBq12HXS","expiry":1612566003}
02/04/2021 01:05:31 pm - absPath = oauth.json
02/04/2021 01:05:31 pm - file read = {"access_token":"98qjUIDqIWpn91m9pMUEXm9QULx5R4","refresh_token":"3p0dfaWrFHVm2GiyatAKtttBq12HXS","expiry":1612566003}
02/04/2021 01:05:31 pm - absPath = oauth.json
02/04/2021 01:05:31 pm - file read = {"access_token":"98qjUIDqIWpn91m9pMUEXm9QULx5R4","refresh_token":"3p0dfaWrFHVm2GiyatAKtttBq12HXS","expiry":1612566003}
02/04/2021 01:05:31 pm - absPath = oauth.json
02/04/2021 01:05:31 pm - file read = {"access_token":"98qjUIDqIWpn91m9pMUEXm9QULx5R4","refresh_token":"3p0dfaWrFHVm2GiyatAKtttBq12HXS","expiry":1612566003}
02/04/2021 01:05:31 pm - absPath = oauth.json
02/04/2021 01:05:31 pm - file read = {"access_token":"98qjUIDqIWpn91m9pMUEXm9QULx5R4","refresh_token":"3p0dfaWrFHVm2GiyatAKtttBq12HXS","expiry":1612566003}
02/04/2021 01:05:31 pm - absPath = oauth.json
02/04/2021 01:05:31 pm - file read = {"access_token":"98qjUIDqIWpn91m9pMUEXm9QULx5R4","refresh_token":"3p0dfaWrFHVm2GiyatAKtttBq12HXS","expiry":1612566003}
02/04/2021 01:05:31 pm - absPath = oauth.json
02/04/2021 01:05:31 pm - file read = {"access_token":"98qjUIDqIWpn91m9pMUEXm9QULx5R4","refresh_token":"3p0dfaWrFHVm2GiyatAKtttBq12HXS","expiry":1612566003}
02/04/2021 01:05:31 pm - absPath = oauth.json
02/04/2021 01:05:31 pm - file read = {"access_token":"98qjUIDqIWpn91m9pMUEXm9QULx5R4","refresh_token":"3p0dfaWrFHVm2GiyatAKtttBq12HXS","expiry":1612566003}
02/04/2021 01:05:31 pm - absPath = oauth.json
02/04/2021 01:05:31 pm - file read = {"access_token":"98qjUIDqIWpn91m9pMUEXm9QULx5R4","refresh_token":"3p0dfaWrFHVm2GiyatAKtttBq12HXS","expiry":1612566003}
02/04/2021 01:05:31 pm - absPath = oauth.json
02/04/2021 01:05:31 pm - file read = {"access_token":"98qjUIDqIWpn91m9pMUEXm9QULx5R4","refresh_token":"3p0dfaWrFHVm2GiyatAKtttBq12HXS","expiry":1612566003}
02/04/2021 01:05:32 pm - absPath = oauth.json
02/04/2021 01:05:32 pm - file read = {"access_token":"98qjUIDqIWpn91m9pMUEXm9QULx5R4","refresh_token":"3p0dfaWrFHVm2GiyatAKtttBq12HXS","expiry":1612566003}
02/04/2021 01:05:32 pm - absPath = oauth.json
02/04/2021 01:05:32 pm - file read = {"access_token":"98qjUIDqIWpn91m9pMUEXm9QULx5R4","refresh_token":"3p0dfaWrFHVm2GiyatAKtttBq12HXS","expiry":1612566003}
02/04/2021 01:05:32 pm - absPath = oauth.json
02/04/2021 01:05:32 pm - file read = {"access_token":"98qjUIDqIWpn91m9pMUEXm9QULx5R4","refresh_token":"3p0dfaWrFHVm2GiyatAKtttBq12HXS","expiry":1612566003}
02/04/2021 01:05:32 pm - absPath = oauth.json
02/04/2021 01:05:32 pm - file read = {"access_token":"98qjUIDqIWpn91m9pMUEXm9QULx5R4","refresh_token":"3p0dfaWrFHVm2GiyatAKtttBq12HXS","expiry":1612566003}
02/04/2021 01:05:32 pm - absPath = oauth.json
02/04/2021 01:05:32 pm - file read = {"access_token":"98qjUIDqIWpn91m9pMUEXm9QULx5R4","refresh_token":"3p0dfaWrFHVm2GiyatAKtttBq12HXS","expiry":1612566003}
02/04/2021 01:05:33 pm - absPath = oauth.json
02/04/2021 01:05:33 pm - file read = {"access_token":"98qjUIDqIWpn91m9pMUEXm9QULx5R4","refresh_token":"3p0dfaWrFHVm2GiyatAKtttBq12HXS","expiry":1612566003}
02/04/2021 01:05:33 pm - absPath = oauth.json
02/04/2021 01:05:33 pm - file read = {"access_token":"98qjUIDqIWpn91m9pMUEXm9QULx5R4","refresh_token":"3p0dfaWrFHVm2GiyatAKtttBq12HXS","expiry":1612566003}
02/04/2021 01:05:33 pm - absPath = oauth.json
02/04/2021 01:05:33 pm - file read = {"access_token":"98qjUIDqIWpn91m9pMUEXm9QULx5R4","refresh_token":"3p0dfaWrFHVm2GiyatAKtttBq12HXS","expiry":1612566003}
02/04/2021 01:05:33 pm - absPath = oauth.json
02/04/2021 01:05:33 pm - file read = {"access_token":"98qjUIDqIWpn91m9pMUEXm9QULx5R4","refresh_token":"3p0dfaWrFHVm2GiyatAKtttBq12HXS","expiry":1612566003}
02/04/2021 01:05:33 pm - absPath = oauth.json
02/04/2021 01:05:33 pm - file read = {"access_token":"98qjUIDqIWpn91m9pMUEXm9QULx5R4","refresh_token":"3p0dfaWrFHVm2GiyatAKtttBq12HXS","expiry":1612566003}
02/04/2021 01:05:34 pm - absPath = oauth.json
02/04/2021 01:05:34 pm - file read = {"access_token":"98qjUIDqIWpn91m9pMUEXm9QULx5R4","refresh_token":"3p0dfaWrFHVm2GiyatAKtttBq12HXS","expiry":1612566003}
02/04/2021 01:05:34 pm - absPath = oauth.json
02/04/2021 01:05:34 pm - file read = {"access_token":"98qjUIDqIWpn91m9pMUEXm9QULx5R4","refresh_token":"3p0dfaWrFHVm2GiyatAKtttBq12HXS","expiry":1612566003}
02/04/2021 01:05:34 pm - absPath = oauth.json
02/04/2021 01:05:34 pm - file read = {"access_token":"98qjUIDqIWpn91m9pMUEXm9QULx5R4","refresh_token":"3p0dfaWrFHVm2GiyatAKtttBq12HXS","expiry":1612566003}
02/04/2021 01:05:35 pm - absPath = oauth.json
02/04/2021 01:05:35 pm - file read = {"access_token":"98qjUIDqIWpn91m9pMUEXm9QULx5R4","refresh_token":"3p0dfaWrFHVm2GiyatAKtttBq12HXS","expiry":1612566003}
02/04/2021 01:05:35 pm - absPath = oauth.json
02/04/2021 01:05:35 pm - file read = {"access_token":"98qjUIDqIWpn91m9pMUEXm9QULx5R4","refresh_token":"3p0dfaWrFHVm2GiyatAKtttBq12HXS","expiry":1612566003}
02/04/2021 01:05:36 pm - absPath = oauth.json
02/04/2021 01:05:36 pm - file read = {"access_token":"98qjUIDqIWpn91m9pMUEXm9QULx5R4","refresh_token":"3p0dfaWrFHVm2GiyatAKtttBq12HXS","expiry":1612566003}
02/04/2021 01:05:36 pm - absPath = oauth.json
02/04/2021 01:05:36 pm - file read = {"access_token":"98qjUIDqIWpn91m9pMUEXm9QULx5R4","refresh_token":"3p0dfaWrFHVm2GiyatAKtttBq12HXS","expiry":1612566003}
02/04/2021 01:05:37 pm - absPath = oauth.json
02/04/2021 01:05:37 pm - file read = {"access_token":"98qjUIDqIWpn91m9pMUEXm9QULx5R4","refresh_token":"3p0dfaWrFHVm2GiyatAKtttBq12HXS","expiry":1612566003}
02/04/2021 01:05:38 pm - absPath = oauth.json
02/04/2021 01:05:38 pm - file read = {"access_token":"98qjUIDqIWpn91m9pMUEXm9QULx5R4","refresh_token":"3p0dfaWrFHVm2GiyatAKtttBq12HXS","expiry":1612566003}
02/04/2021 01:05:38 pm - absPath = oauth.json
02/04/2021 01:05:38 pm - file read = {"access_token":"98qjUIDqIWpn91m9pMUEXm9QULx5R4","refresh_token":"3p0dfaWrFHVm2GiyatAKtttBq12HXS","expiry":1612566003}
02/04/2021 01:05:38 pm - absPath = oauth.json
02/04/2021 01:05:38 pm - file read = {"access_token":"98qjUIDqIWpn91m9pMUEXm9QULx5R4","refresh_token":"3p0dfaWrFHVm2GiyatAKtttBq12HXS","expiry":1612566003}
02/04/2021 01:05:55 pm - absPath = oauth.json
02/04/2021 01:05:55 pm - file read = {"access_token":"98qjUIDqIWpn91m9pMUEXm9QULx5R4","refresh_token":"3p0dfaWrFHVm2GiyatAKtttBq12HXS","expiry":1612566003}
02/04/2021 01:05:57 pm - absPath = oauth.json
02/04/2021 01:05:57 pm - file read = {"access_token":"98qjUIDqIWpn91m9pMUEXm9QULx5R4","refresh_token":"3p0dfaWrFHVm2GiyatAKtttBq12HXS","expiry":1612566003}
02/04/2021 01:06:03 pm - absPath = oauth.json
02/04/2021 01:06:03 pm - file read = {"access_token":"98qjUIDqIWpn91m9pMUEXm9QULx5R4","refresh_token":"3p0dfaWrFHVm2GiyatAKtttBq12HXS","expiry":1612566003}
02/04/2021 01:06:17 pm - absPath = oauth.json
02/04/2021 01:06:17 pm - file read = {"access_token":"98qjUIDqIWpn91m9pMUEXm9QULx5R4","refresh_token":"3p0dfaWrFHVm2GiyatAKtttBq12HXS","expiry":1612566003}
02/04/2021 01:06:31 pm - absPath = oauth.json
02/04/2021 01:06:31 pm - file read = {"access_token":"98qjUIDqIWpn91m9pMUEXm9QULx5R4","refresh_token":"3p0dfaWrFHVm2GiyatAKtttBq12HXS","expiry":1612566003}
02/04/2021 01:06:35 pm - absPath = oauth.json
02/04/2021 01:06:35 pm - file read = {"access_token":"98qjUIDqIWpn91m9pMUEXm9QULx5R4","refresh_token":"3p0dfaWrFHVm2GiyatAKtttBq12HXS","expiry":1612566003}
02/04/2021 01:07:16 pm - absPath = oauth.json
02/04/2021 01:07:16 pm - file read = {"access_token":"98qjUIDqIWpn91m9pMUEXm9QULx5R4","refresh_token":"3p0dfaWrFHVm2GiyatAKtttBq12HXS","expiry":1612566003}
02/04/2021 01:07:21 pm - absPath = oauth.json
02/04/2021 01:07:21 pm - file read = {"access_token":"98qjUIDqIWpn91m9pMUEXm9QULx5R4","refresh_token":"3p0dfaWrFHVm2GiyatAKtttBq12HXS","expiry":1612566003}
02/04/2021 01:07:29 pm - absPath = oauth.json
02/04/2021 01:07:29 pm - file read = {"access_token":"98qjUIDqIWpn91m9pMUEXm9QULx5R4","refresh_token":"3p0dfaWrFHVm2GiyatAKtttBq12HXS","expiry":1612566003}
02/04/2021 01:08:02 pm - absPath = oauth.json
02/04/2021 01:08:02 pm - file read = {"access_token":"98qjUIDqIWpn91m9pMUEXm9QULx5R4","refresh_token":"3p0dfaWrFHVm2GiyatAKtttBq12HXS","expiry":1612566003}
02/04/2021 01:08:30 pm - absPath = oauth.json
02/04/2021 01:08:30 pm - file read = {"access_token":"98qjUIDqIWpn91m9pMUEXm9QULx5R4","refresh_token":"3p0dfaWrFHVm2GiyatAKtttBq12HXS","expiry":1612566003}
02/04/2021 01:08:44 pm - absPath = oauth.json
02/04/2021 01:08:44 pm - file read = {"access_token":"98qjUIDqIWpn91m9pMUEXm9QULx5R4","refresh_token":"3p0dfaWrFHVm2GiyatAKtttBq12HXS","expiry":1612566003}
02/04/2021 01:08:56 pm - absPath = oauth.json
02/04/2021 01:08:56 pm - file read = {"access_token":"98qjUIDqIWpn91m9pMUEXm9QULx5R4","refresh_token":"3p0dfaWrFHVm2GiyatAKtttBq12HXS","expiry":1612566003}
02/04/2021 01:08:59 pm - absPath = oauth.json
02/04/2021 01:08:59 pm - file read = {"access_token":"98qjUIDqIWpn91m9pMUEXm9QULx5R4","refresh_token":"3p0dfaWrFHVm2GiyatAKtttBq12HXS","expiry":1612566003}
02/04/2021 01:09:57 pm - absPath = oauth.json
02/04/2021 01:09:57 pm - file read = {"access_token":"98qjUIDqIWpn91m9pMUEXm9QULx5R4","refresh_token":"3p0dfaWrFHVm2GiyatAKtttBq12HXS","expiry":1612566003}
02/04/2021 01:10:36 pm - absPath = oauth.json
02/04/2021 01:10:36 pm - file read = {"access_token":"98qjUIDqIWpn91m9pMUEXm9QULx5R4","refresh_token":"3p0dfaWrFHVm2GiyatAKtttBq12HXS","expiry":1612566003}
02/04/2021 01:10:43 pm - absPath = oauth.json
02/04/2021 01:10:43 pm - file read = {"access_token":"98qjUIDqIWpn91m9pMUEXm9QULx5R4","refresh_token":"3p0dfaWrFHVm2GiyatAKtttBq12HXS","expiry":1612566003}
02/04/2021 01:10:43 pm - absPath = oauth.json
02/04/2021 01:10:43 pm - file read = {"access_token":"98qjUIDqIWpn91m9pMUEXm9QULx5R4","refresh_token":"3p0dfaWrFHVm2GiyatAKtttBq12HXS","expiry":1612566003}
02/04/2021 01:11:10 pm - absPath = oauth.json
02/04/2021 01:11:10 pm - file read = {"access_token":"98qjUIDqIWpn91m9pMUEXm9QULx5R4","refresh_token":"3p0dfaWrFHVm2GiyatAKtttBq12HXS","expiry":1612566003}
02/04/2021 01:11:25 pm - absPath = oauth.json
02/04/2021 01:11:25 pm - file read = {"access_token":"98qjUIDqIWpn91m9pMUEXm9QULx5R4","refresh_token":"3p0dfaWrFHVm2GiyatAKtttBq12HXS","expiry":1612566003}
02/04/2021 01:12:45 pm - absPath = oauth.json
02/04/2021 01:12:45 pm - file read = {"access_token":"98qjUIDqIWpn91m9pMUEXm9QULx5R4","refresh_token":"3p0dfaWrFHVm2GiyatAKtttBq12HXS","expiry":1612566003}
02/04/2021 01:14:45 pm - absPath = oauth.json
02/04/2021 01:14:45 pm - file read = {"access_token":"98qjUIDqIWpn91m9pMUEXm9QULx5R4","refresh_token":"3p0dfaWrFHVm2GiyatAKtttBq12HXS","expiry":1612566003}
