02/17/2021 03:13:33 pm - absPath = oauth.json
02/17/2021 03:13:33 pm - file read = {"access_token":"epcBAcGpevcBaOJhwalphq9I5DCLht","refresh_token":"3p0dfaWrFHVm2GiyatAKtttBq12HXS","expiry":1613602803}
02/17/2021 03:13:34 pm - absPath = oauth.json
02/17/2021 03:13:34 pm - file read = {"access_token":"epcBAcGpevcBaOJhwalphq9I5DCLht","refresh_token":"3p0dfaWrFHVm2GiyatAKtttBq12HXS","expiry":1613602803}
02/17/2021 03:16:32 pm - absPath = oauth.json
02/17/2021 03:16:32 pm - file read = {"access_token":"epcBAcGpevcBaOJhwalphq9I5DCLht","refresh_token":"3p0dfaWrFHVm2GiyatAKtttBq12HXS","expiry":1613602803}
02/17/2021 03:16:32 pm - absPath = oauth.json
02/17/2021 03:16:32 pm - file read = {"access_token":"epcBAcGpevcBaOJhwalphq9I5DCLht","refresh_token":"3p0dfaWrFHVm2GiyatAKtttBq12HXS","expiry":1613602803}
02/17/2021 03:16:41 pm - absPath = oauth.json
02/17/2021 03:16:41 pm - file read = {"access_token":"epcBAcGpevcBaOJhwalphq9I5DCLht","refresh_token":"3p0dfaWrFHVm2GiyatAKtttBq12HXS","expiry":1613602803}
02/17/2021 03:16:41 pm - absPath = oauth.json
02/17/2021 03:16:41 pm - file read = {"access_token":"epcBAcGpevcBaOJhwalphq9I5DCLht","refresh_token":"3p0dfaWrFHVm2GiyatAKtttBq12HXS","expiry":1613602803}
02/17/2021 03:17:35 pm - absPath = oauth.json
02/17/2021 03:17:35 pm - file read = {"access_token":"epcBAcGpevcBaOJhwalphq9I5DCLht","refresh_token":"3p0dfaWrFHVm2GiyatAKtttBq12HXS","expiry":1613602803}
02/17/2021 03:19:26 pm - absPath = oauth.json
02/17/2021 03:19:26 pm - file read = {"access_token":"epcBAcGpevcBaOJhwalphq9I5DCLht","refresh_token":"3p0dfaWrFHVm2GiyatAKtttBq12HXS","expiry":1613602803}
02/17/2021 03:19:33 pm - absPath = oauth.json
02/17/2021 03:19:33 pm - file read = {"access_token":"epcBAcGpevcBaOJhwalphq9I5DCLht","refresh_token":"3p0dfaWrFHVm2GiyatAKtttBq12HXS","expiry":1613602803}
02/17/2021 03:19:35 pm - absPath = oauth.json
02/17/2021 03:19:35 pm - file read = {"access_token":"epcBAcGpevcBaOJhwalphq9I5DCLht","refresh_token":"3p0dfaWrFHVm2GiyatAKtttBq12HXS","expiry":1613602803}
02/17/2021 03:20:31 pm - absPath = oauth.json
02/17/2021 03:20:31 pm - file read = {"access_token":"epcBAcGpevcBaOJhwalphq9I5DCLht","refresh_token":"3p0dfaWrFHVm2GiyatAKtttBq12HXS","expiry":1613602803}
02/17/2021 03:21:17 pm - absPath = oauth.json
02/17/2021 03:21:17 pm - file read = {"access_token":"epcBAcGpevcBaOJhwalphq9I5DCLht","refresh_token":"3p0dfaWrFHVm2GiyatAKtttBq12HXS","expiry":1613602803}
02/17/2021 03:21:23 pm - absPath = oauth.json
02/17/2021 03:21:23 pm - file read = {"access_token":"epcBAcGpevcBaOJhwalphq9I5DCLht","refresh_token":"3p0dfaWrFHVm2GiyatAKtttBq12HXS","expiry":1613602803}
02/17/2021 03:22:10 pm - absPath = oauth.json
02/17/2021 03:22:10 pm - file read = {"access_token":"epcBAcGpevcBaOJhwalphq9I5DCLht","refresh_token":"3p0dfaWrFHVm2GiyatAKtttBq12HXS","expiry":1613602803}
02/17/2021 03:23:12 pm - absPath = oauth.json
02/17/2021 03:23:12 pm - file read = {"access_token":"epcBAcGpevcBaOJhwalphq9I5DCLht","refresh_token":"3p0dfaWrFHVm2GiyatAKtttBq12HXS","expiry":1613602803}
02/17/2021 03:23:19 pm - absPath = oauth.json
02/17/2021 03:23:19 pm - file read = {"access_token":"epcBAcGpevcBaOJhwalphq9I5DCLht","refresh_token":"3p0dfaWrFHVm2GiyatAKtttBq12HXS","expiry":1613602803}
02/17/2021 03:23:24 pm - absPath = oauth.json
02/17/2021 03:23:24 pm - file read = {"access_token":"epcBAcGpevcBaOJhwalphq9I5DCLht","refresh_token":"3p0dfaWrFHVm2GiyatAKtttBq12HXS","expiry":1613602803}
02/17/2021 03:25:02 pm - absPath = oauth.json
02/17/2021 03:25:02 pm - file read = {"access_token":"epcBAcGpevcBaOJhwalphq9I5DCLht","refresh_token":"3p0dfaWrFHVm2GiyatAKtttBq12HXS","expiry":1613602803}
02/17/2021 03:25:14 pm - absPath = oauth.json
02/17/2021 03:25:14 pm - file read = {"access_token":"epcBAcGpevcBaOJhwalphq9I5DCLht","refresh_token":"3p0dfaWrFHVm2GiyatAKtttBq12HXS","expiry":1613602803}
02/17/2021 03:25:31 pm - absPath = oauth.json
02/17/2021 03:25:31 pm - file read = {"access_token":"epcBAcGpevcBaOJhwalphq9I5DCLht","refresh_token":"3p0dfaWrFHVm2GiyatAKtttBq12HXS","expiry":1613602803}
02/17/2021 03:25:34 pm - absPath = oauth.json
02/17/2021 03:25:34 pm - file read = {"access_token":"epcBAcGpevcBaOJhwalphq9I5DCLht","refresh_token":"3p0dfaWrFHVm2GiyatAKtttBq12HXS","expiry":1613602803}
02/17/2021 03:25:58 pm - absPath = oauth.json
02/17/2021 03:25:58 pm - file read = {"access_token":"epcBAcGpevcBaOJhwalphq9I5DCLht","refresh_token":"3p0dfaWrFHVm2GiyatAKtttBq12HXS","expiry":1613602803}
02/17/2021 03:26:07 pm - absPath = oauth.json
02/17/2021 03:26:07 pm - file read = {"access_token":"epcBAcGpevcBaOJhwalphq9I5DCLht","refresh_token":"3p0dfaWrFHVm2GiyatAKtttBq12HXS","expiry":1613602803}
02/17/2021 03:31:06 pm - absPath = oauth.json
02/17/2021 03:31:06 pm - file read = {"access_token":"epcBAcGpevcBaOJhwalphq9I5DCLht","refresh_token":"3p0dfaWrFHVm2GiyatAKtttBq12HXS","expiry":1613602803}
02/17/2021 03:34:44 pm - absPath = oauth.json
02/17/2021 03:34:44 pm - file read = {"access_token":"epcBAcGpevcBaOJhwalphq9I5DCLht","refresh_token":"3p0dfaWrFHVm2GiyatAKtttBq12HXS","expiry":1613602803}
02/17/2021 03:34:46 pm - absPath = oauth.json
02/17/2021 03:34:46 pm - file read = {"access_token":"epcBAcGpevcBaOJhwalphq9I5DCLht","refresh_token":"3p0dfaWrFHVm2GiyatAKtttBq12HXS","expiry":1613602803}
02/17/2021 03:39:27 pm - absPath = oauth.json
02/17/2021 03:39:27 pm - file read = {"access_token":"epcBAcGpevcBaOJhwalphq9I5DCLht","refresh_token":"3p0dfaWrFHVm2GiyatAKtttBq12HXS","expiry":1613602803}
02/17/2021 03:39:34 pm - absPath = oauth.json
02/17/2021 03:39:34 pm - file read = {"access_token":"epcBAcGpevcBaOJhwalphq9I5DCLht","refresh_token":"3p0dfaWrFHVm2GiyatAKtttBq12HXS","expiry":1613602803}
02/17/2021 03:43:26 pm - absPath = oauth.json
02/17/2021 03:43:26 pm - file read = {"access_token":"epcBAcGpevcBaOJhwalphq9I5DCLht","refresh_token":"3p0dfaWrFHVm2GiyatAKtttBq12HXS","expiry":1613602803}
02/17/2021 03:43:30 pm - absPath = oauth.json
02/17/2021 03:43:30 pm - file read = {"access_token":"epcBAcGpevcBaOJhwalphq9I5DCLht","refresh_token":"3p0dfaWrFHVm2GiyatAKtttBq12HXS","expiry":1613602803}
02/17/2021 03:43:37 pm - absPath = oauth.json
02/17/2021 03:43:37 pm - file read = {"access_token":"epcBAcGpevcBaOJhwalphq9I5DCLht","refresh_token":"3p0dfaWrFHVm2GiyatAKtttBq12HXS","expiry":1613602803}
02/17/2021 03:43:54 pm - absPath = oauth.json
02/17/2021 03:43:54 pm - file read = {"access_token":"epcBAcGpevcBaOJhwalphq9I5DCLht","refresh_token":"3p0dfaWrFHVm2GiyatAKtttBq12HXS","expiry":1613602803}
02/17/2021 03:44:02 pm - absPath = oauth.json
02/17/2021 03:44:02 pm - file read = {"access_token":"epcBAcGpevcBaOJhwalphq9I5DCLht","refresh_token":"3p0dfaWrFHVm2GiyatAKtttBq12HXS","expiry":1613602803}
02/17/2021 03:44:07 pm - absPath = oauth.json
02/17/2021 03:44:07 pm - file read = {"access_token":"epcBAcGpevcBaOJhwalphq9I5DCLht","refresh_token":"3p0dfaWrFHVm2GiyatAKtttBq12HXS","expiry":1613602803}
02/17/2021 03:44:12 pm - absPath = oauth.json
02/17/2021 03:44:12 pm - file read = {"access_token":"epcBAcGpevcBaOJhwalphq9I5DCLht","refresh_token":"3p0dfaWrFHVm2GiyatAKtttBq12HXS","expiry":1613602803}
02/17/2021 03:44:15 pm - absPath = oauth.json
02/17/2021 03:44:15 pm - file read = {"access_token":"epcBAcGpevcBaOJhwalphq9I5DCLht","refresh_token":"3p0dfaWrFHVm2GiyatAKtttBq12HXS","expiry":1613602803}
02/17/2021 03:48:20 pm - absPath = oauth.json
02/17/2021 03:48:20 pm - file read = {"access_token":"epcBAcGpevcBaOJhwalphq9I5DCLht","refresh_token":"3p0dfaWrFHVm2GiyatAKtttBq12HXS","expiry":1613602803}
02/17/2021 03:48:35 pm - absPath = oauth.json
02/17/2021 03:48:35 pm - file read = {"access_token":"epcBAcGpevcBaOJhwalphq9I5DCLht","refresh_token":"3p0dfaWrFHVm2GiyatAKtttBq12HXS","expiry":1613602803}
02/17/2021 03:55:01 pm - absPath = oauth.json
02/17/2021 03:55:01 pm - file read = {"access_token":"epcBAcGpevcBaOJhwalphq9I5DCLht","refresh_token":"3p0dfaWrFHVm2GiyatAKtttBq12HXS","expiry":1613602803}
02/17/2021 03:55:04 pm - absPath = oauth.json
02/17/2021 03:55:04 pm - file read = {"access_token":"epcBAcGpevcBaOJhwalphq9I5DCLht","refresh_token":"3p0dfaWrFHVm2GiyatAKtttBq12HXS","expiry":1613602803}
02/17/2021 03:55:31 pm - absPath = oauth.json
02/17/2021 03:55:31 pm - file read = {"access_token":"epcBAcGpevcBaOJhwalphq9I5DCLht","refresh_token":"3p0dfaWrFHVm2GiyatAKtttBq12HXS","expiry":1613602803}
02/17/2021 03:55:37 pm - absPath = oauth.json
02/17/2021 03:55:37 pm - file read = {"access_token":"epcBAcGpevcBaOJhwalphq9I5DCLht","refresh_token":"3p0dfaWrFHVm2GiyatAKtttBq12HXS","expiry":1613602803}
02/17/2021 03:58:53 pm - absPath = oauth.json
02/17/2021 03:58:53 pm - file read = {"access_token":"epcBAcGpevcBaOJhwalphq9I5DCLht","refresh_token":"3p0dfaWrFHVm2GiyatAKtttBq12HXS","expiry":1613602803}
02/17/2021 03:59:43 pm - absPath = oauth.json
02/17/2021 03:59:43 pm - file read = {"access_token":"epcBAcGpevcBaOJhwalphq9I5DCLht","refresh_token":"3p0dfaWrFHVm2GiyatAKtttBq12HXS","expiry":1613602803}
02/17/2021 04:02:04 pm - absPath = oauth.json
02/17/2021 04:02:04 pm - file read = {"access_token":"epcBAcGpevcBaOJhwalphq9I5DCLht","refresh_token":"3p0dfaWrFHVm2GiyatAKtttBq12HXS","expiry":1613602803}
02/17/2021 04:14:14 pm - absPath = oauth.json
02/17/2021 04:14:14 pm - file read = {"access_token":"epcBAcGpevcBaOJhwalphq9I5DCLht","refresh_token":"3p0dfaWrFHVm2GiyatAKtttBq12HXS","expiry":1613602803}
02/17/2021 04:16:18 pm - absPath = oauth.json
02/17/2021 04:16:18 pm - file read = {"access_token":"epcBAcGpevcBaOJhwalphq9I5DCLht","refresh_token":"3p0dfaWrFHVm2GiyatAKtttBq12HXS","expiry":1613602803}
02/17/2021 04:18:14 pm - absPath = oauth.json
02/17/2021 04:18:14 pm - file read = {"access_token":"epcBAcGpevcBaOJhwalphq9I5DCLht","refresh_token":"3p0dfaWrFHVm2GiyatAKtttBq12HXS","expiry":1613602803}
02/17/2021 04:18:24 pm - absPath = oauth.json
02/17/2021 04:18:24 pm - file read = {"access_token":"epcBAcGpevcBaOJhwalphq9I5DCLht","refresh_token":"3p0dfaWrFHVm2GiyatAKtttBq12HXS","expiry":1613602803}
02/17/2021 04:21:50 pm - absPath = oauth.json
02/17/2021 04:21:50 pm - file read = {"access_token":"epcBAcGpevcBaOJhwalphq9I5DCLht","refresh_token":"3p0dfaWrFHVm2GiyatAKtttBq12HXS","expiry":1613602803}
02/17/2021 04:23:48 pm - absPath = oauth.json
02/17/2021 04:23:48 pm - file read = {"access_token":"epcBAcGpevcBaOJhwalphq9I5DCLht","refresh_token":"3p0dfaWrFHVm2GiyatAKtttBq12HXS","expiry":1613602803}
02/17/2021 04:23:48 pm - absPath = oauth.json
02/17/2021 04:23:48 pm - file read = {"access_token":"epcBAcGpevcBaOJhwalphq9I5DCLht","refresh_token":"3p0dfaWrFHVm2GiyatAKtttBq12HXS","expiry":1613602803}
02/17/2021 04:24:23 pm - absPath = oauth.json
02/17/2021 04:24:23 pm - file read = {"access_token":"epcBAcGpevcBaOJhwalphq9I5DCLht","refresh_token":"3p0dfaWrFHVm2GiyatAKtttBq12HXS","expiry":1613602803}
02/17/2021 04:24:25 pm - absPath = oauth.json
02/17/2021 04:24:25 pm - file read = {"access_token":"epcBAcGpevcBaOJhwalphq9I5DCLht","refresh_token":"3p0dfaWrFHVm2GiyatAKtttBq12HXS","expiry":1613602803}
02/17/2021 04:26:22 pm - absPath = oauth.json
02/17/2021 04:26:22 pm - file read = {"access_token":"epcBAcGpevcBaOJhwalphq9I5DCLht","refresh_token":"3p0dfaWrFHVm2GiyatAKtttBq12HXS","expiry":1613602803}
02/17/2021 04:26:22 pm - absPath = oauth.json
02/17/2021 04:26:22 pm - file read = {"access_token":"epcBAcGpevcBaOJhwalphq9I5DCLht","refresh_token":"3p0dfaWrFHVm2GiyatAKtttBq12HXS","expiry":1613602803}
02/17/2021 04:27:26 pm - absPath = oauth.json
02/17/2021 04:27:26 pm - file read = {"access_token":"epcBAcGpevcBaOJhwalphq9I5DCLht","refresh_token":"3p0dfaWrFHVm2GiyatAKtttBq12HXS","expiry":1613602803}
02/17/2021 04:27:34 pm - absPath = oauth.json
02/17/2021 04:27:34 pm - file read = {"access_token":"epcBAcGpevcBaOJhwalphq9I5DCLht","refresh_token":"3p0dfaWrFHVm2GiyatAKtttBq12HXS","expiry":1613602803}
02/17/2021 04:41:27 pm - absPath = oauth.json
02/17/2021 04:41:27 pm - file read = {"access_token":"epcBAcGpevcBaOJhwalphq9I5DCLht","refresh_token":"3p0dfaWrFHVm2GiyatAKtttBq12HXS","expiry":1613602803}
02/17/2021 04:41:33 pm - absPath = oauth.json
02/17/2021 04:41:33 pm - file read = {"access_token":"epcBAcGpevcBaOJhwalphq9I5DCLht","refresh_token":"3p0dfaWrFHVm2GiyatAKtttBq12HXS","expiry":1613602803}
02/17/2021 04:44:34 pm - absPath = oauth.json
02/17/2021 04:44:34 pm - file read = {"access_token":"epcBAcGpevcBaOJhwalphq9I5DCLht","refresh_token":"3p0dfaWrFHVm2GiyatAKtttBq12HXS","expiry":1613602803}
02/17/2021 04:44:41 pm - absPath = oauth.json
02/17/2021 04:44:41 pm - file read = {"access_token":"epcBAcGpevcBaOJhwalphq9I5DCLht","refresh_token":"3p0dfaWrFHVm2GiyatAKtttBq12HXS","expiry":1613602803}
02/17/2021 04:45:49 pm - absPath = oauth.json
02/17/2021 04:45:49 pm - file read = {"access_token":"epcBAcGpevcBaOJhwalphq9I5DCLht","refresh_token":"3p0dfaWrFHVm2GiyatAKtttBq12HXS","expiry":1613602803}
02/17/2021 04:47:20 pm - absPath = oauth.json
02/17/2021 04:47:20 pm - file read = {"access_token":"epcBAcGpevcBaOJhwalphq9I5DCLht","refresh_token":"3p0dfaWrFHVm2GiyatAKtttBq12HXS","expiry":1613602803}
02/17/2021 04:47:25 pm - absPath = oauth.json
02/17/2021 04:47:25 pm - file read = {"access_token":"epcBAcGpevcBaOJhwalphq9I5DCLht","refresh_token":"3p0dfaWrFHVm2GiyatAKtttBq12HXS","expiry":1613602803}
02/17/2021 04:48:38 pm - absPath = oauth.json
02/17/2021 04:48:38 pm - file read = {"access_token":"epcBAcGpevcBaOJhwalphq9I5DCLht","refresh_token":"3p0dfaWrFHVm2GiyatAKtttBq12HXS","expiry":1613602803}
02/17/2021 04:49:40 pm - absPath = oauth.json
02/17/2021 04:49:40 pm - file read = {"access_token":"epcBAcGpevcBaOJhwalphq9I5DCLht","refresh_token":"3p0dfaWrFHVm2GiyatAKtttBq12HXS","expiry":1613602803}
02/17/2021 04:50:31 pm - absPath = oauth.json
02/17/2021 04:50:31 pm - file read = {"access_token":"epcBAcGpevcBaOJhwalphq9I5DCLht","refresh_token":"3p0dfaWrFHVm2GiyatAKtttBq12HXS","expiry":1613602803}
02/17/2021 04:53:25 pm - absPath = oauth.json
02/17/2021 04:53:25 pm - file read = {"access_token":"epcBAcGpevcBaOJhwalphq9I5DCLht","refresh_token":"3p0dfaWrFHVm2GiyatAKtttBq12HXS","expiry":1613602803}
02/17/2021 04:53:33 pm - absPath = oauth.json
02/17/2021 04:53:33 pm - file read = {"access_token":"epcBAcGpevcBaOJhwalphq9I5DCLht","refresh_token":"3p0dfaWrFHVm2GiyatAKtttBq12HXS","expiry":1613602803}
02/17/2021 04:54:03 pm - absPath = oauth.json
02/17/2021 04:54:03 pm - file read = {"access_token":"epcBAcGpevcBaOJhwalphq9I5DCLht","refresh_token":"3p0dfaWrFHVm2GiyatAKtttBq12HXS","expiry":1613602803}
02/17/2021 05:04:12 pm - absPath = oauth.json
02/17/2021 05:04:12 pm - file read = {"access_token":"epcBAcGpevcBaOJhwalphq9I5DCLht","refresh_token":"3p0dfaWrFHVm2GiyatAKtttBq12HXS","expiry":1613602803}
02/17/2021 05:04:18 pm - absPath = oauth.json
02/17/2021 05:04:18 pm - file read = {"access_token":"gBQieXwMAJSTSw46bYYvUvX4B1I4Cj","refresh_token":"3p0dfaWrFHVm2GiyatAKtttBq12HXS","expiry":1613775603}
02/17/2021 05:04:19 pm - absPath = oauth.json
02/17/2021 05:04:19 pm - file read = {"access_token":"gBQieXwMAJSTSw46bYYvUvX4B1I4Cj","refresh_token":"3p0dfaWrFHVm2GiyatAKtttBq12HXS","expiry":1613775603}
02/17/2021 05:04:20 pm - absPath = oauth.json
02/17/2021 05:04:20 pm - file read = {"access_token":"gBQieXwMAJSTSw46bYYvUvX4B1I4Cj","refresh_token":"3p0dfaWrFHVm2GiyatAKtttBq12HXS","expiry":1613775603}
02/17/2021 05:04:21 pm - absPath = oauth.json
02/17/2021 05:04:21 pm - file read = {"access_token":"gBQieXwMAJSTSw46bYYvUvX4B1I4Cj","refresh_token":"3p0dfaWrFHVm2GiyatAKtttBq12HXS","expiry":1613775603}
02/17/2021 05:06:53 pm - absPath = oauth.json
02/17/2021 05:06:53 pm - file read = {"access_token":"gBQieXwMAJSTSw46bYYvUvX4B1I4Cj","refresh_token":"3p0dfaWrFHVm2GiyatAKtttBq12HXS","expiry":1613775603}
02/17/2021 05:07:43 pm - absPath = oauth.json
02/17/2021 05:07:43 pm - file read = {"access_token":"gBQieXwMAJSTSw46bYYvUvX4B1I4Cj","refresh_token":"3p0dfaWrFHVm2GiyatAKtttBq12HXS","expiry":1613775603}
02/17/2021 05:09:27 pm - absPath = oauth.json
02/17/2021 05:09:27 pm - file read = {"access_token":"gBQieXwMAJSTSw46bYYvUvX4B1I4Cj","refresh_token":"3p0dfaWrFHVm2GiyatAKtttBq12HXS","expiry":1613775603}
02/17/2021 05:09:28 pm - absPath = oauth.json
02/17/2021 05:09:28 pm - file read = {"access_token":"gBQieXwMAJSTSw46bYYvUvX4B1I4Cj","refresh_token":"3p0dfaWrFHVm2GiyatAKtttBq12HXS","expiry":1613775603}
02/17/2021 05:16:59 pm - absPath = oauth.json
02/17/2021 05:16:59 pm - file read = {"access_token":"gBQieXwMAJSTSw46bYYvUvX4B1I4Cj","refresh_token":"3p0dfaWrFHVm2GiyatAKtttBq12HXS","expiry":1613775603}
02/17/2021 05:22:26 pm - absPath = oauth.json
02/17/2021 05:22:26 pm - file read = {"access_token":"gBQieXwMAJSTSw46bYYvUvX4B1I4Cj","refresh_token":"3p0dfaWrFHVm2GiyatAKtttBq12HXS","expiry":1613775603}
02/17/2021 05:31:18 pm - absPath = oauth.json
02/17/2021 05:31:18 pm - file read = {"access_token":"gBQieXwMAJSTSw46bYYvUvX4B1I4Cj","refresh_token":"3p0dfaWrFHVm2GiyatAKtttBq12HXS","expiry":1613775603}
02/17/2021 05:31:18 pm - absPath = oauth.json
02/17/2021 05:31:18 pm - file read = {"access_token":"gBQieXwMAJSTSw46bYYvUvX4B1I4Cj","refresh_token":"3p0dfaWrFHVm2GiyatAKtttBq12HXS","expiry":1613775603}
02/17/2021 05:31:18 pm - absPath = oauth.json
02/17/2021 05:31:18 pm - file read = {"access_token":"gBQieXwMAJSTSw46bYYvUvX4B1I4Cj","refresh_token":"3p0dfaWrFHVm2GiyatAKtttBq12HXS","expiry":1613775603}
02/17/2021 05:31:40 pm - absPath = oauth.json
02/17/2021 05:31:40 pm - file read = {"access_token":"gBQieXwMAJSTSw46bYYvUvX4B1I4Cj","refresh_token":"3p0dfaWrFHVm2GiyatAKtttBq12HXS","expiry":1613775603}
02/17/2021 05:31:41 pm - absPath = oauth.json
02/17/2021 05:31:41 pm - file read = {"access_token":"gBQieXwMAJSTSw46bYYvUvX4B1I4Cj","refresh_token":"3p0dfaWrFHVm2GiyatAKtttBq12HXS","expiry":1613775603}
02/17/2021 05:31:41 pm - absPath = oauth.json
02/17/2021 05:31:41 pm - file read = {"access_token":"gBQieXwMAJSTSw46bYYvUvX4B1I4Cj","refresh_token":"3p0dfaWrFHVm2GiyatAKtttBq12HXS","expiry":1613775603}
02/17/2021 05:38:38 pm - absPath = oauth.json
02/17/2021 05:38:38 pm - file read = {"access_token":"gBQieXwMAJSTSw46bYYvUvX4B1I4Cj","refresh_token":"3p0dfaWrFHVm2GiyatAKtttBq12HXS","expiry":1613775603}
02/17/2021 05:40:54 pm - absPath = oauth.json
02/17/2021 05:40:54 pm - file read = {"access_token":"gBQieXwMAJSTSw46bYYvUvX4B1I4Cj","refresh_token":"3p0dfaWrFHVm2GiyatAKtttBq12HXS","expiry":1613775603}
02/17/2021 07:17:21 pm - absPath = oauth.json
02/17/2021 07:17:21 pm - file read = {"access_token":"gBQieXwMAJSTSw46bYYvUvX4B1I4Cj","refresh_token":"3p0dfaWrFHVm2GiyatAKtttBq12HXS","expiry":1613775603}
02/17/2021 09:32:38 pm - absPath = oauth.json
02/17/2021 09:32:38 pm - file read = {"access_token":"gBQieXwMAJSTSw46bYYvUvX4B1I4Cj","refresh_token":"3p0dfaWrFHVm2GiyatAKtttBq12HXS","expiry":1613775603}
02/17/2021 09:32:38 pm - absPath = oauth.json
02/17/2021 09:32:38 pm - file read = {"access_token":"gBQieXwMAJSTSw46bYYvUvX4B1I4Cj","refresh_token":"3p0dfaWrFHVm2GiyatAKtttBq12HXS","expiry":1613775603}
02/17/2021 09:34:41 pm - absPath = oauth.json
02/17/2021 09:34:41 pm - file read = {"access_token":"gBQieXwMAJSTSw46bYYvUvX4B1I4Cj","refresh_token":"3p0dfaWrFHVm2GiyatAKtttBq12HXS","expiry":1613775603}
02/17/2021 10:09:14 pm - absPath = oauth.json
02/17/2021 10:09:14 pm - file read = {"access_token":"gBQieXwMAJSTSw46bYYvUvX4B1I4Cj","refresh_token":"3p0dfaWrFHVm2GiyatAKtttBq12HXS","expiry":1613775603}
02/18/2021 05:34:20 am - absPath = oauth.json
02/18/2021 05:34:20 am - file read = {"access_token":"gBQieXwMAJSTSw46bYYvUvX4B1I4Cj","refresh_token":"3p0dfaWrFHVm2GiyatAKtttBq12HXS","expiry":1613775603}
02/18/2021 08:09:59 am - absPath = oauth.json
02/18/2021 08:09:59 am - file read = {"access_token":"gBQieXwMAJSTSw46bYYvUvX4B1I4Cj","refresh_token":"3p0dfaWrFHVm2GiyatAKtttBq12HXS","expiry":1613775603}
02/18/2021 08:10:59 am - absPath = oauth.json
02/18/2021 08:10:59 am - file read = {"access_token":"gBQieXwMAJSTSw46bYYvUvX4B1I4Cj","refresh_token":"3p0dfaWrFHVm2GiyatAKtttBq12HXS","expiry":1613775603}
02/18/2021 08:11:11 am - absPath = oauth.json
02/18/2021 08:11:11 am - file read = {"access_token":"gBQieXwMAJSTSw46bYYvUvX4B1I4Cj","refresh_token":"3p0dfaWrFHVm2GiyatAKtttBq12HXS","expiry":1613775603}
02/18/2021 08:18:01 am - absPath = oauth.json
02/18/2021 08:18:01 am - file read = {"access_token":"gBQieXwMAJSTSw46bYYvUvX4B1I4Cj","refresh_token":"3p0dfaWrFHVm2GiyatAKtttBq12HXS","expiry":1613775603}
02/18/2021 08:34:56 am - absPath = oauth.json
02/18/2021 08:34:56 am - file read = {"access_token":"gBQieXwMAJSTSw46bYYvUvX4B1I4Cj","refresh_token":"3p0dfaWrFHVm2GiyatAKtttBq12HXS","expiry":1613775603}
02/18/2021 08:38:03 am - absPath = oauth.json
02/18/2021 08:38:03 am - file read = {"access_token":"gBQieXwMAJSTSw46bYYvUvX4B1I4Cj","refresh_token":"3p0dfaWrFHVm2GiyatAKtttBq12HXS","expiry":1613775603}
02/18/2021 08:38:15 am - absPath = oauth.json
02/18/2021 08:38:15 am - file read = {"access_token":"gBQieXwMAJSTSw46bYYvUvX4B1I4Cj","refresh_token":"3p0dfaWrFHVm2GiyatAKtttBq12HXS","expiry":1613775603}
02/18/2021 08:38:19 am - absPath = oauth.json
02/18/2021 08:38:19 am - file read = {"access_token":"gBQieXwMAJSTSw46bYYvUvX4B1I4Cj","refresh_token":"3p0dfaWrFHVm2GiyatAKtttBq12HXS","expiry":1613775603}
02/18/2021 08:44:05 am - absPath = oauth.json
02/18/2021 08:44:05 am - file read = {"access_token":"gBQieXwMAJSTSw46bYYvUvX4B1I4Cj","refresh_token":"3p0dfaWrFHVm2GiyatAKtttBq12HXS","expiry":1613775603}
02/18/2021 08:52:58 am - absPath = oauth.json
02/18/2021 08:52:58 am - file read = {"access_token":"gBQieXwMAJSTSw46bYYvUvX4B1I4Cj","refresh_token":"3p0dfaWrFHVm2GiyatAKtttBq12HXS","expiry":1613775603}
02/18/2021 08:53:26 am - absPath = oauth.json
02/18/2021 08:53:26 am - file read = {"access_token":"gBQieXwMAJSTSw46bYYvUvX4B1I4Cj","refresh_token":"3p0dfaWrFHVm2GiyatAKtttBq12HXS","expiry":1613775603}
02/18/2021 08:54:00 am - absPath = oauth.json
02/18/2021 08:54:00 am - file read = {"access_token":"gBQieXwMAJSTSw46bYYvUvX4B1I4Cj","refresh_token":"3p0dfaWrFHVm2GiyatAKtttBq12HXS","expiry":1613775603}
02/18/2021 08:54:25 am - absPath = oauth.json
02/18/2021 08:54:25 am - file read = {"access_token":"gBQieXwMAJSTSw46bYYvUvX4B1I4Cj","refresh_token":"3p0dfaWrFHVm2GiyatAKtttBq12HXS","expiry":1613775603}
02/18/2021 08:54:25 am - absPath = oauth.json
02/18/2021 08:54:25 am - file read = {"access_token":"gBQieXwMAJSTSw46bYYvUvX4B1I4Cj","refresh_token":"3p0dfaWrFHVm2GiyatAKtttBq12HXS","expiry":1613775603}
02/18/2021 08:56:13 am - absPath = oauth.json
02/18/2021 08:56:13 am - file read = {"access_token":"gBQieXwMAJSTSw46bYYvUvX4B1I4Cj","refresh_token":"3p0dfaWrFHVm2GiyatAKtttBq12HXS","expiry":1613775603}
02/18/2021 08:57:20 am - absPath = oauth.json
02/18/2021 08:57:20 am - file read = {"access_token":"gBQieXwMAJSTSw46bYYvUvX4B1I4Cj","refresh_token":"3p0dfaWrFHVm2GiyatAKtttBq12HXS","expiry":1613775603}
02/18/2021 09:02:26 am - absPath = oauth.json
02/18/2021 09:02:26 am - file read = {"access_token":"gBQieXwMAJSTSw46bYYvUvX4B1I4Cj","refresh_token":"3p0dfaWrFHVm2GiyatAKtttBq12HXS","expiry":1613775603}
02/18/2021 09:05:21 am - absPath = oauth.json
02/18/2021 09:05:21 am - file read = {"access_token":"gBQieXwMAJSTSw46bYYvUvX4B1I4Cj","refresh_token":"3p0dfaWrFHVm2GiyatAKtttBq12HXS","expiry":1613775603}
02/18/2021 09:06:03 am - absPath = oauth.json
02/18/2021 09:06:03 am - file read = {"access_token":"gBQieXwMAJSTSw46bYYvUvX4B1I4Cj","refresh_token":"3p0dfaWrFHVm2GiyatAKtttBq12HXS","expiry":1613775603}
02/18/2021 09:06:48 am - absPath = oauth.json
02/18/2021 09:06:48 am - file read = {"access_token":"gBQieXwMAJSTSw46bYYvUvX4B1I4Cj","refresh_token":"3p0dfaWrFHVm2GiyatAKtttBq12HXS","expiry":1613775603}
02/18/2021 09:07:28 am - absPath = oauth.json
02/18/2021 09:07:28 am - file read = {"access_token":"gBQieXwMAJSTSw46bYYvUvX4B1I4Cj","refresh_token":"3p0dfaWrFHVm2GiyatAKtttBq12HXS","expiry":1613775603}
02/18/2021 09:14:46 am - absPath = oauth.json
02/18/2021 09:14:46 am - file read = {"access_token":"gBQieXwMAJSTSw46bYYvUvX4B1I4Cj","refresh_token":"3p0dfaWrFHVm2GiyatAKtttBq12HXS","expiry":1613775603}
02/18/2021 09:15:33 am - absPath = oauth.json
02/18/2021 09:15:33 am - file read = {"access_token":"gBQieXwMAJSTSw46bYYvUvX4B1I4Cj","refresh_token":"3p0dfaWrFHVm2GiyatAKtttBq12HXS","expiry":1613775603}
02/18/2021 09:16:53 am - absPath = oauth.json
02/18/2021 09:16:53 am - file read = {"access_token":"gBQieXwMAJSTSw46bYYvUvX4B1I4Cj","refresh_token":"3p0dfaWrFHVm2GiyatAKtttBq12HXS","expiry":1613775603}
02/18/2021 09:17:39 am - absPath = oauth.json
02/18/2021 09:17:39 am - file read = {"access_token":"gBQieXwMAJSTSw46bYYvUvX4B1I4Cj","refresh_token":"3p0dfaWrFHVm2GiyatAKtttBq12HXS","expiry":1613775603}
02/18/2021 09:18:27 am - absPath = oauth.json
02/18/2021 09:18:27 am - file read = {"access_token":"gBQieXwMAJSTSw46bYYvUvX4B1I4Cj","refresh_token":"3p0dfaWrFHVm2GiyatAKtttBq12HXS","expiry":1613775603}
02/18/2021 09:19:07 am - absPath = oauth.json
02/18/2021 09:19:07 am - file read = {"access_token":"gBQieXwMAJSTSw46bYYvUvX4B1I4Cj","refresh_token":"3p0dfaWrFHVm2GiyatAKtttBq12HXS","expiry":1613775603}
02/18/2021 09:20:00 am - absPath = oauth.json
02/18/2021 09:20:00 am - file read = {"access_token":"gBQieXwMAJSTSw46bYYvUvX4B1I4Cj","refresh_token":"3p0dfaWrFHVm2GiyatAKtttBq12HXS","expiry":1613775603}
02/18/2021 09:21:21 am - absPath = oauth.json
02/18/2021 09:21:21 am - file read = {"access_token":"gBQieXwMAJSTSw46bYYvUvX4B1I4Cj","refresh_token":"3p0dfaWrFHVm2GiyatAKtttBq12HXS","expiry":1613775603}
02/18/2021 09:21:55 am - absPath = oauth.json
02/18/2021 09:21:55 am - file read = {"access_token":"gBQieXwMAJSTSw46bYYvUvX4B1I4Cj","refresh_token":"3p0dfaWrFHVm2GiyatAKtttBq12HXS","expiry":1613775603}
02/18/2021 09:22:35 am - absPath = oauth.json
02/18/2021 09:22:35 am - file read = {"access_token":"gBQieXwMAJSTSw46bYYvUvX4B1I4Cj","refresh_token":"3p0dfaWrFHVm2GiyatAKtttBq12HXS","expiry":1613775603}
02/18/2021 09:23:08 am - absPath = oauth.json
02/18/2021 09:23:08 am - file read = {"access_token":"gBQieXwMAJSTSw46bYYvUvX4B1I4Cj","refresh_token":"3p0dfaWrFHVm2GiyatAKtttBq12HXS","expiry":1613775603}
02/18/2021 09:23:45 am - absPath = oauth.json
02/18/2021 09:23:45 am - file read = {"access_token":"gBQieXwMAJSTSw46bYYvUvX4B1I4Cj","refresh_token":"3p0dfaWrFHVm2GiyatAKtttBq12HXS","expiry":1613775603}
02/18/2021 09:27:26 am - absPath = oauth.json
02/18/2021 09:27:26 am - file read = {"access_token":"gBQieXwMAJSTSw46bYYvUvX4B1I4Cj","refresh_token":"3p0dfaWrFHVm2GiyatAKtttBq12HXS","expiry":1613775603}
02/18/2021 09:27:26 am - absPath = oauth.json
02/18/2021 09:27:26 am - file read = {"access_token":"gBQieXwMAJSTSw46bYYvUvX4B1I4Cj","refresh_token":"3p0dfaWrFHVm2GiyatAKtttBq12HXS","expiry":1613775603}
02/18/2021 09:29:03 am - absPath = oauth.json
02/18/2021 09:29:03 am - file read = {"access_token":"gBQieXwMAJSTSw46bYYvUvX4B1I4Cj","refresh_token":"3p0dfaWrFHVm2GiyatAKtttBq12HXS","expiry":1613775603}
02/18/2021 09:29:06 am - absPath = oauth.json
02/18/2021 09:29:06 am - file read = {"access_token":"gBQieXwMAJSTSw46bYYvUvX4B1I4Cj","refresh_token":"3p0dfaWrFHVm2GiyatAKtttBq12HXS","expiry":1613775603}
02/18/2021 09:29:09 am - absPath = oauth.json
02/18/2021 09:29:09 am - file read = {"access_token":"gBQieXwMAJSTSw46bYYvUvX4B1I4Cj","refresh_token":"3p0dfaWrFHVm2GiyatAKtttBq12HXS","expiry":1613775603}
02/18/2021 09:37:08 am - absPath = oauth.json
02/18/2021 09:37:08 am - file read = {"access_token":"gBQieXwMAJSTSw46bYYvUvX4B1I4Cj","refresh_token":"3p0dfaWrFHVm2GiyatAKtttBq12HXS","expiry":1613775603}
02/18/2021 09:37:27 am - absPath = oauth.json
02/18/2021 09:37:27 am - file read = {"access_token":"gBQieXwMAJSTSw46bYYvUvX4B1I4Cj","refresh_token":"3p0dfaWrFHVm2GiyatAKtttBq12HXS","expiry":1613775603}
02/18/2021 09:37:32 am - absPath = oauth.json
02/18/2021 09:37:32 am - file read = {"access_token":"gBQieXwMAJSTSw46bYYvUvX4B1I4Cj","refresh_token":"3p0dfaWrFHVm2GiyatAKtttBq12HXS","expiry":1613775603}
02/18/2021 09:38:17 am - absPath = oauth.json
02/18/2021 09:38:17 am - file read = {"access_token":"gBQieXwMAJSTSw46bYYvUvX4B1I4Cj","refresh_token":"3p0dfaWrFHVm2GiyatAKtttBq12HXS","expiry":1613775603}
02/18/2021 09:39:16 am - absPath = oauth.json
02/18/2021 09:39:16 am - file read = {"access_token":"gBQieXwMAJSTSw46bYYvUvX4B1I4Cj","refresh_token":"3p0dfaWrFHVm2GiyatAKtttBq12HXS","expiry":1613775603}
02/18/2021 09:46:19 am - absPath = oauth.json
02/18/2021 09:46:19 am - file read = {"access_token":"gBQieXwMAJSTSw46bYYvUvX4B1I4Cj","refresh_token":"3p0dfaWrFHVm2GiyatAKtttBq12HXS","expiry":1613775603}
02/18/2021 09:50:42 am - absPath = oauth.json
02/18/2021 09:50:42 am - file read = {"access_token":"gBQieXwMAJSTSw46bYYvUvX4B1I4Cj","refresh_token":"3p0dfaWrFHVm2GiyatAKtttBq12HXS","expiry":1613775603}
02/18/2021 10:05:24 am - absPath = oauth.json
02/18/2021 10:05:24 am - file read = {"access_token":"gBQieXwMAJSTSw46bYYvUvX4B1I4Cj","refresh_token":"3p0dfaWrFHVm2GiyatAKtttBq12HXS","expiry":1613775603}
02/18/2021 10:24:08 am - absPath = oauth.json
02/18/2021 10:24:08 am - file read = {"access_token":"gBQieXwMAJSTSw46bYYvUvX4B1I4Cj","refresh_token":"3p0dfaWrFHVm2GiyatAKtttBq12HXS","expiry":1613775603}
02/18/2021 10:25:56 am - absPath = oauth.json
02/18/2021 10:25:56 am - file read = {"access_token":"gBQieXwMAJSTSw46bYYvUvX4B1I4Cj","refresh_token":"3p0dfaWrFHVm2GiyatAKtttBq12HXS","expiry":1613775603}
02/18/2021 10:26:35 am - absPath = oauth.json
02/18/2021 10:26:35 am - file read = {"access_token":"gBQieXwMAJSTSw46bYYvUvX4B1I4Cj","refresh_token":"3p0dfaWrFHVm2GiyatAKtttBq12HXS","expiry":1613775603}
02/18/2021 10:26:44 am - absPath = oauth.json
02/18/2021 10:26:44 am - file read = {"access_token":"gBQieXwMAJSTSw46bYYvUvX4B1I4Cj","refresh_token":"3p0dfaWrFHVm2GiyatAKtttBq12HXS","expiry":1613775603}
02/18/2021 10:26:54 am - absPath = oauth.json
02/18/2021 10:26:54 am - file read = {"access_token":"gBQieXwMAJSTSw46bYYvUvX4B1I4Cj","refresh_token":"3p0dfaWrFHVm2GiyatAKtttBq12HXS","expiry":1613775603}
02/18/2021 10:26:58 am - absPath = oauth.json
02/18/2021 10:26:58 am - file read = {"access_token":"gBQieXwMAJSTSw46bYYvUvX4B1I4Cj","refresh_token":"3p0dfaWrFHVm2GiyatAKtttBq12HXS","expiry":1613775603}
02/18/2021 10:27:27 am - absPath = oauth.json
02/18/2021 10:27:27 am - file read = {"access_token":"gBQieXwMAJSTSw46bYYvUvX4B1I4Cj","refresh_token":"3p0dfaWrFHVm2GiyatAKtttBq12HXS","expiry":1613775603}
02/18/2021 10:27:30 am - absPath = oauth.json
02/18/2021 10:27:30 am - file read = {"access_token":"gBQieXwMAJSTSw46bYYvUvX4B1I4Cj","refresh_token":"3p0dfaWrFHVm2GiyatAKtttBq12HXS","expiry":1613775603}
02/18/2021 10:28:31 am - absPath = oauth.json
02/18/2021 10:28:31 am - file read = {"access_token":"gBQieXwMAJSTSw46bYYvUvX4B1I4Cj","refresh_token":"3p0dfaWrFHVm2GiyatAKtttBq12HXS","expiry":1613775603}
02/18/2021 10:29:15 am - absPath = oauth.json
02/18/2021 10:29:15 am - file read = {"access_token":"gBQieXwMAJSTSw46bYYvUvX4B1I4Cj","refresh_token":"3p0dfaWrFHVm2GiyatAKtttBq12HXS","expiry":1613775603}
02/18/2021 10:29:31 am - absPath = oauth.json
02/18/2021 10:29:31 am - file read = {"access_token":"gBQieXwMAJSTSw46bYYvUvX4B1I4Cj","refresh_token":"3p0dfaWrFHVm2GiyatAKtttBq12HXS","expiry":1613775603}
02/18/2021 10:36:13 am - absPath = oauth.json
02/18/2021 10:36:13 am - file read = {"access_token":"gBQieXwMAJSTSw46bYYvUvX4B1I4Cj","refresh_token":"3p0dfaWrFHVm2GiyatAKtttBq12HXS","expiry":1613775603}
02/18/2021 10:37:33 am - absPath = oauth.json
02/18/2021 10:37:33 am - file read = {"access_token":"gBQieXwMAJSTSw46bYYvUvX4B1I4Cj","refresh_token":"3p0dfaWrFHVm2GiyatAKtttBq12HXS","expiry":1613775603}
02/18/2021 10:37:40 am - absPath = oauth.json
02/18/2021 10:37:40 am - file read = {"access_token":"gBQieXwMAJSTSw46bYYvUvX4B1I4Cj","refresh_token":"3p0dfaWrFHVm2GiyatAKtttBq12HXS","expiry":1613775603}
02/18/2021 10:38:46 am - absPath = oauth.json
02/18/2021 10:38:46 am - file read = {"access_token":"gBQieXwMAJSTSw46bYYvUvX4B1I4Cj","refresh_token":"3p0dfaWrFHVm2GiyatAKtttBq12HXS","expiry":1613775603}
02/18/2021 10:40:40 am - absPath = oauth.json
02/18/2021 10:40:40 am - file read = {"access_token":"gBQieXwMAJSTSw46bYYvUvX4B1I4Cj","refresh_token":"3p0dfaWrFHVm2GiyatAKtttBq12HXS","expiry":1613775603}
02/18/2021 10:41:07 am - absPath = oauth.json
02/18/2021 10:41:07 am - file read = {"access_token":"gBQieXwMAJSTSw46bYYvUvX4B1I4Cj","refresh_token":"3p0dfaWrFHVm2GiyatAKtttBq12HXS","expiry":1613775603}
02/18/2021 10:42:01 am - absPath = oauth.json
02/18/2021 10:42:01 am - file read = {"access_token":"gBQieXwMAJSTSw46bYYvUvX4B1I4Cj","refresh_token":"3p0dfaWrFHVm2GiyatAKtttBq12HXS","expiry":1613775603}
02/18/2021 10:43:21 am - absPath = oauth.json
02/18/2021 10:43:21 am - file read = {"access_token":"gBQieXwMAJSTSw46bYYvUvX4B1I4Cj","refresh_token":"3p0dfaWrFHVm2GiyatAKtttBq12HXS","expiry":1613775603}
02/18/2021 10:47:44 am - absPath = oauth.json
02/18/2021 10:47:44 am - file read = {"access_token":"gBQieXwMAJSTSw46bYYvUvX4B1I4Cj","refresh_token":"3p0dfaWrFHVm2GiyatAKtttBq12HXS","expiry":1613775603}
02/18/2021 10:47:50 am - absPath = oauth.json
02/18/2021 10:47:50 am - file read = {"access_token":"gBQieXwMAJSTSw46bYYvUvX4B1I4Cj","refresh_token":"3p0dfaWrFHVm2GiyatAKtttBq12HXS","expiry":1613775603}
02/18/2021 10:48:37 am - absPath = oauth.json
02/18/2021 10:48:37 am - file read = {"access_token":"gBQieXwMAJSTSw46bYYvUvX4B1I4Cj","refresh_token":"3p0dfaWrFHVm2GiyatAKtttBq12HXS","expiry":1613775603}
02/18/2021 10:49:37 am - absPath = oauth.json
02/18/2021 10:49:37 am - file read = {"access_token":"gBQieXwMAJSTSw46bYYvUvX4B1I4Cj","refresh_token":"3p0dfaWrFHVm2GiyatAKtttBq12HXS","expiry":1613775603}
02/18/2021 10:49:37 am - absPath = oauth.json
02/18/2021 10:49:37 am - file read = {"access_token":"gBQieXwMAJSTSw46bYYvUvX4B1I4Cj","refresh_token":"3p0dfaWrFHVm2GiyatAKtttBq12HXS","expiry":1613775603}
02/18/2021 10:49:37 am - absPath = oauth.json
02/18/2021 10:49:37 am - file read = {"access_token":"gBQieXwMAJSTSw46bYYvUvX4B1I4Cj","refresh_token":"3p0dfaWrFHVm2GiyatAKtttBq12HXS","expiry":1613775603}
02/18/2021 10:49:38 am - absPath = oauth.json
02/18/2021 10:49:38 am - file read = {"access_token":"gBQieXwMAJSTSw46bYYvUvX4B1I4Cj","refresh_token":"3p0dfaWrFHVm2GiyatAKtttBq12HXS","expiry":1613775603}
02/18/2021 10:49:38 am - absPath = oauth.json
02/18/2021 10:49:38 am - file read = {"access_token":"gBQieXwMAJSTSw46bYYvUvX4B1I4Cj","refresh_token":"3p0dfaWrFHVm2GiyatAKtttBq12HXS","expiry":1613775603}
02/18/2021 10:54:41 am - absPath = oauth.json
02/18/2021 10:54:41 am - file read = {"access_token":"gBQieXwMAJSTSw46bYYvUvX4B1I4Cj","refresh_token":"3p0dfaWrFHVm2GiyatAKtttBq12HXS","expiry":1613775603}
02/18/2021 10:54:43 am - absPath = oauth.json
02/18/2021 10:54:43 am - file read = {"access_token":"gBQieXwMAJSTSw46bYYvUvX4B1I4Cj","refresh_token":"3p0dfaWrFHVm2GiyatAKtttBq12HXS","expiry":1613775603}
02/18/2021 10:54:48 am - absPath = oauth.json
02/18/2021 10:54:48 am - file read = {"access_token":"gBQieXwMAJSTSw46bYYvUvX4B1I4Cj","refresh_token":"3p0dfaWrFHVm2GiyatAKtttBq12HXS","expiry":1613775603}
02/18/2021 10:54:52 am - absPath = oauth.json
02/18/2021 10:54:52 am - file read = {"access_token":"gBQieXwMAJSTSw46bYYvUvX4B1I4Cj","refresh_token":"3p0dfaWrFHVm2GiyatAKtttBq12HXS","expiry":1613775603}
02/18/2021 10:55:18 am - absPath = oauth.json
02/18/2021 10:55:18 am - file read = {"access_token":"gBQieXwMAJSTSw46bYYvUvX4B1I4Cj","refresh_token":"3p0dfaWrFHVm2GiyatAKtttBq12HXS","expiry":1613775603}
02/18/2021 10:55:21 am - absPath = oauth.json
02/18/2021 10:55:21 am - file read = {"access_token":"gBQieXwMAJSTSw46bYYvUvX4B1I4Cj","refresh_token":"3p0dfaWrFHVm2GiyatAKtttBq12HXS","expiry":1613775603}
02/18/2021 10:55:49 am - absPath = oauth.json
02/18/2021 10:55:49 am - file read = {"access_token":"gBQieXwMAJSTSw46bYYvUvX4B1I4Cj","refresh_token":"3p0dfaWrFHVm2GiyatAKtttBq12HXS","expiry":1613775603}
02/18/2021 10:57:29 am - absPath = oauth.json
02/18/2021 10:57:29 am - file read = {"access_token":"gBQieXwMAJSTSw46bYYvUvX4B1I4Cj","refresh_token":"3p0dfaWrFHVm2GiyatAKtttBq12HXS","expiry":1613775603}
02/18/2021 10:59:45 am - absPath = oauth.json
02/18/2021 10:59:45 am - file read = {"access_token":"gBQieXwMAJSTSw46bYYvUvX4B1I4Cj","refresh_token":"3p0dfaWrFHVm2GiyatAKtttBq12HXS","expiry":1613775603}
02/18/2021 11:01:20 am - absPath = oauth.json
02/18/2021 11:01:20 am - file read = {"access_token":"gBQieXwMAJSTSw46bYYvUvX4B1I4Cj","refresh_token":"3p0dfaWrFHVm2GiyatAKtttBq12HXS","expiry":1613775603}
02/18/2021 11:03:22 am - absPath = oauth.json
02/18/2021 11:03:22 am - file read = {"access_token":"gBQieXwMAJSTSw46bYYvUvX4B1I4Cj","refresh_token":"3p0dfaWrFHVm2GiyatAKtttBq12HXS","expiry":1613775603}
02/18/2021 11:09:32 am - absPath = oauth.json
02/18/2021 11:09:32 am - file read = {"access_token":"gBQieXwMAJSTSw46bYYvUvX4B1I4Cj","refresh_token":"3p0dfaWrFHVm2GiyatAKtttBq12HXS","expiry":1613775603}
02/18/2021 11:10:32 am - absPath = oauth.json
02/18/2021 11:10:32 am - file read = {"access_token":"gBQieXwMAJSTSw46bYYvUvX4B1I4Cj","refresh_token":"3p0dfaWrFHVm2GiyatAKtttBq12HXS","expiry":1613775603}
02/18/2021 11:10:32 am - absPath = oauth.json
02/18/2021 11:10:32 am - file read = {"access_token":"gBQieXwMAJSTSw46bYYvUvX4B1I4Cj","refresh_token":"3p0dfaWrFHVm2GiyatAKtttBq12HXS","expiry":1613775603}
02/18/2021 11:11:55 am - absPath = oauth.json
02/18/2021 11:11:55 am - file read = {"access_token":"gBQieXwMAJSTSw46bYYvUvX4B1I4Cj","refresh_token":"3p0dfaWrFHVm2GiyatAKtttBq12HXS","expiry":1613775603}
02/18/2021 11:15:34 am - absPath = oauth.json
02/18/2021 11:15:34 am - file read = {"access_token":"gBQieXwMAJSTSw46bYYvUvX4B1I4Cj","refresh_token":"3p0dfaWrFHVm2GiyatAKtttBq12HXS","expiry":1613775603}
02/18/2021 11:18:12 am - absPath = oauth.json
02/18/2021 11:18:12 am - file read = {"access_token":"gBQieXwMAJSTSw46bYYvUvX4B1I4Cj","refresh_token":"3p0dfaWrFHVm2GiyatAKtttBq12HXS","expiry":1613775603}
02/18/2021 11:18:23 am - absPath = oauth.json
02/18/2021 11:18:23 am - file read = {"access_token":"gBQieXwMAJSTSw46bYYvUvX4B1I4Cj","refresh_token":"3p0dfaWrFHVm2GiyatAKtttBq12HXS","expiry":1613775603}
02/18/2021 11:23:23 am - absPath = oauth.json
02/18/2021 11:23:23 am - file read = {"access_token":"gBQieXwMAJSTSw46bYYvUvX4B1I4Cj","refresh_token":"3p0dfaWrFHVm2GiyatAKtttBq12HXS","expiry":1613775603}
02/18/2021 11:23:49 am - absPath = oauth.json
02/18/2021 11:23:49 am - file read = {"access_token":"gBQieXwMAJSTSw46bYYvUvX4B1I4Cj","refresh_token":"3p0dfaWrFHVm2GiyatAKtttBq12HXS","expiry":1613775603}
02/18/2021 11:34:40 am - absPath = oauth.json
02/18/2021 11:34:40 am - file read = {"access_token":"gBQieXwMAJSTSw46bYYvUvX4B1I4Cj","refresh_token":"3p0dfaWrFHVm2GiyatAKtttBq12HXS","expiry":1613775603}
02/18/2021 11:39:04 am - absPath = oauth.json
02/18/2021 11:39:04 am - file read = {"access_token":"gBQieXwMAJSTSw46bYYvUvX4B1I4Cj","refresh_token":"3p0dfaWrFHVm2GiyatAKtttBq12HXS","expiry":1613775603}
02/18/2021 11:39:41 am - absPath = oauth.json
02/18/2021 11:39:41 am - file read = {"access_token":"gBQieXwMAJSTSw46bYYvUvX4B1I4Cj","refresh_token":"3p0dfaWrFHVm2GiyatAKtttBq12HXS","expiry":1613775603}
02/18/2021 11:42:32 am - absPath = oauth.json
02/18/2021 11:42:32 am - file read = {"access_token":"gBQieXwMAJSTSw46bYYvUvX4B1I4Cj","refresh_token":"3p0dfaWrFHVm2GiyatAKtttBq12HXS","expiry":1613775603}
02/18/2021 11:43:00 am - absPath = oauth.json
02/18/2021 11:43:00 am - file read = {"access_token":"gBQieXwMAJSTSw46bYYvUvX4B1I4Cj","refresh_token":"3p0dfaWrFHVm2GiyatAKtttBq12HXS","expiry":1613775603}
02/18/2021 11:45:45 am - absPath = oauth.json
02/18/2021 11:45:45 am - file read = {"access_token":"gBQieXwMAJSTSw46bYYvUvX4B1I4Cj","refresh_token":"3p0dfaWrFHVm2GiyatAKtttBq12HXS","expiry":1613775603}
02/18/2021 11:56:12 am - absPath = oauth.json
02/18/2021 11:56:12 am - file read = {"access_token":"gBQieXwMAJSTSw46bYYvUvX4B1I4Cj","refresh_token":"3p0dfaWrFHVm2GiyatAKtttBq12HXS","expiry":1613775603}
02/18/2021 11:58:29 am - absPath = oauth.json
02/18/2021 11:58:29 am - file read = {"access_token":"gBQieXwMAJSTSw46bYYvUvX4B1I4Cj","refresh_token":"3p0dfaWrFHVm2GiyatAKtttBq12HXS","expiry":1613775603}
02/18/2021 11:59:59 am - absPath = oauth.json
02/18/2021 11:59:59 am - file read = {"access_token":"gBQieXwMAJSTSw46bYYvUvX4B1I4Cj","refresh_token":"3p0dfaWrFHVm2GiyatAKtttBq12HXS","expiry":1613775603}
02/18/2021 12:00:01 pm - absPath = oauth.json
02/18/2021 12:00:01 pm - file read = {"access_token":"gBQieXwMAJSTSw46bYYvUvX4B1I4Cj","refresh_token":"3p0dfaWrFHVm2GiyatAKtttBq12HXS","expiry":1613775603}
02/18/2021 12:00:29 pm - absPath = oauth.json
02/18/2021 12:00:29 pm - file read = {"access_token":"gBQieXwMAJSTSw46bYYvUvX4B1I4Cj","refresh_token":"3p0dfaWrFHVm2GiyatAKtttBq12HXS","expiry":1613775603}
02/18/2021 12:05:24 pm - absPath = oauth.json
02/18/2021 12:05:24 pm - file read = {"access_token":"gBQieXwMAJSTSw46bYYvUvX4B1I4Cj","refresh_token":"3p0dfaWrFHVm2GiyatAKtttBq12HXS","expiry":1613775603}
02/18/2021 12:08:49 pm - absPath = oauth.json
02/18/2021 12:08:49 pm - file read = {"access_token":"gBQieXwMAJSTSw46bYYvUvX4B1I4Cj","refresh_token":"3p0dfaWrFHVm2GiyatAKtttBq12HXS","expiry":1613775603}
02/18/2021 12:08:49 pm - absPath = oauth.json
02/18/2021 12:08:49 pm - file read = {"access_token":"gBQieXwMAJSTSw46bYYvUvX4B1I4Cj","refresh_token":"3p0dfaWrFHVm2GiyatAKtttBq12HXS","expiry":1613775603}
02/18/2021 12:21:26 pm - absPath = oauth.json
02/18/2021 12:21:26 pm - file read = {"access_token":"gBQieXwMAJSTSw46bYYvUvX4B1I4Cj","refresh_token":"3p0dfaWrFHVm2GiyatAKtttBq12HXS","expiry":1613775603}
02/18/2021 12:21:26 pm - absPath = oauth.json
02/18/2021 12:21:26 pm - file read = {"access_token":"gBQieXwMAJSTSw46bYYvUvX4B1I4Cj","refresh_token":"3p0dfaWrFHVm2GiyatAKtttBq12HXS","expiry":1613775603}
02/18/2021 12:22:30 pm - absPath = oauth.json
02/18/2021 12:22:30 pm - file read = {"access_token":"gBQieXwMAJSTSw46bYYvUvX4B1I4Cj","refresh_token":"3p0dfaWrFHVm2GiyatAKtttBq12HXS","expiry":1613775603}
02/18/2021 12:22:55 pm - absPath = oauth.json
02/18/2021 12:22:55 pm - file read = {"access_token":"gBQieXwMAJSTSw46bYYvUvX4B1I4Cj","refresh_token":"3p0dfaWrFHVm2GiyatAKtttBq12HXS","expiry":1613775603}
02/18/2021 12:23:02 pm - absPath = oauth.json
02/18/2021 12:23:02 pm - file read = {"access_token":"gBQieXwMAJSTSw46bYYvUvX4B1I4Cj","refresh_token":"3p0dfaWrFHVm2GiyatAKtttBq12HXS","expiry":1613775603}
02/18/2021 12:23:07 pm - absPath = oauth.json
02/18/2021 12:23:07 pm - file read = {"access_token":"gBQieXwMAJSTSw46bYYvUvX4B1I4Cj","refresh_token":"3p0dfaWrFHVm2GiyatAKtttBq12HXS","expiry":1613775603}
02/18/2021 12:31:34 pm - absPath = oauth.json
02/18/2021 12:31:34 pm - file read = {"access_token":"gBQieXwMAJSTSw46bYYvUvX4B1I4Cj","refresh_token":"3p0dfaWrFHVm2GiyatAKtttBq12HXS","expiry":1613775603}
02/18/2021 12:33:10 pm - absPath = oauth.json
02/18/2021 12:33:10 pm - file read = {"access_token":"gBQieXwMAJSTSw46bYYvUvX4B1I4Cj","refresh_token":"3p0dfaWrFHVm2GiyatAKtttBq12HXS","expiry":1613775603}
02/18/2021 12:36:20 pm - absPath = oauth.json
02/18/2021 12:36:20 pm - file read = {"access_token":"gBQieXwMAJSTSw46bYYvUvX4B1I4Cj","refresh_token":"3p0dfaWrFHVm2GiyatAKtttBq12HXS","expiry":1613775603}
02/18/2021 12:41:36 pm - absPath = oauth.json
02/18/2021 12:41:36 pm - file read = {"access_token":"gBQieXwMAJSTSw46bYYvUvX4B1I4Cj","refresh_token":"3p0dfaWrFHVm2GiyatAKtttBq12HXS","expiry":1613775603}
02/18/2021 12:45:26 pm - absPath = oauth.json
02/18/2021 12:45:26 pm - file read = {"access_token":"gBQieXwMAJSTSw46bYYvUvX4B1I4Cj","refresh_token":"3p0dfaWrFHVm2GiyatAKtttBq12HXS","expiry":1613775603}
02/18/2021 12:45:43 pm - absPath = oauth.json
02/18/2021 12:45:43 pm - file read = {"access_token":"gBQieXwMAJSTSw46bYYvUvX4B1I4Cj","refresh_token":"3p0dfaWrFHVm2GiyatAKtttBq12HXS","expiry":1613775603}
02/18/2021 12:46:33 pm - absPath = oauth.json
02/18/2021 12:46:33 pm - file read = {"access_token":"gBQieXwMAJSTSw46bYYvUvX4B1I4Cj","refresh_token":"3p0dfaWrFHVm2GiyatAKtttBq12HXS","expiry":1613775603}
02/18/2021 12:46:55 pm - absPath = oauth.json
02/18/2021 12:46:55 pm - file read = {"access_token":"gBQieXwMAJSTSw46bYYvUvX4B1I4Cj","refresh_token":"3p0dfaWrFHVm2GiyatAKtttBq12HXS","expiry":1613775603}
02/18/2021 12:48:35 pm - absPath = oauth.json
02/18/2021 12:48:35 pm - file read = {"access_token":"gBQieXwMAJSTSw46bYYvUvX4B1I4Cj","refresh_token":"3p0dfaWrFHVm2GiyatAKtttBq12HXS","expiry":1613775603}
02/18/2021 12:51:22 pm - absPath = oauth.json
02/18/2021 12:51:22 pm - file read = {"access_token":"gBQieXwMAJSTSw46bYYvUvX4B1I4Cj","refresh_token":"3p0dfaWrFHVm2GiyatAKtttBq12HXS","expiry":1613775603}
02/18/2021 12:56:15 pm - absPath = oauth.json
02/18/2021 12:56:15 pm - file read = {"access_token":"gBQieXwMAJSTSw46bYYvUvX4B1I4Cj","refresh_token":"3p0dfaWrFHVm2GiyatAKtttBq12HXS","expiry":1613775603}
02/18/2021 01:00:45 pm - absPath = oauth.json
02/18/2021 01:00:45 pm - file read = {"access_token":"gBQieXwMAJSTSw46bYYvUvX4B1I4Cj","refresh_token":"3p0dfaWrFHVm2GiyatAKtttBq12HXS","expiry":1613775603}
02/18/2021 01:07:26 pm - absPath = oauth.json
02/18/2021 01:07:26 pm - file read = {"access_token":"gBQieXwMAJSTSw46bYYvUvX4B1I4Cj","refresh_token":"3p0dfaWrFHVm2GiyatAKtttBq12HXS","expiry":1613775603}
02/18/2021 01:07:31 pm - absPath = oauth.json
02/18/2021 01:07:31 pm - file read = {"access_token":"gBQieXwMAJSTSw46bYYvUvX4B1I4Cj","refresh_token":"3p0dfaWrFHVm2GiyatAKtttBq12HXS","expiry":1613775603}
02/18/2021 01:08:05 pm - absPath = oauth.json
02/18/2021 01:08:05 pm - file read = {"access_token":"gBQieXwMAJSTSw46bYYvUvX4B1I4Cj","refresh_token":"3p0dfaWrFHVm2GiyatAKtttBq12HXS","expiry":1613775603}
02/18/2021 01:08:29 pm - absPath = oauth.json
02/18/2021 01:08:29 pm - file read = {"access_token":"gBQieXwMAJSTSw46bYYvUvX4B1I4Cj","refresh_token":"3p0dfaWrFHVm2GiyatAKtttBq12HXS","expiry":1613775603}
02/18/2021 01:08:32 pm - absPath = oauth.json
02/18/2021 01:08:32 pm - file read = {"access_token":"gBQieXwMAJSTSw46bYYvUvX4B1I4Cj","refresh_token":"3p0dfaWrFHVm2GiyatAKtttBq12HXS","expiry":1613775603}
02/18/2021 01:08:35 pm - absPath = oauth.json
02/18/2021 01:08:35 pm - file read = {"access_token":"gBQieXwMAJSTSw46bYYvUvX4B1I4Cj","refresh_token":"3p0dfaWrFHVm2GiyatAKtttBq12HXS","expiry":1613775603}
02/18/2021 01:10:41 pm - absPath = oauth.json
02/18/2021 01:10:41 pm - file read = {"access_token":"gBQieXwMAJSTSw46bYYvUvX4B1I4Cj","refresh_token":"3p0dfaWrFHVm2GiyatAKtttBq12HXS","expiry":1613775603}
02/18/2021 01:10:42 pm - absPath = oauth.json
02/18/2021 01:10:42 pm - file read = {"access_token":"gBQieXwMAJSTSw46bYYvUvX4B1I4Cj","refresh_token":"3p0dfaWrFHVm2GiyatAKtttBq12HXS","expiry":1613775603}
02/18/2021 01:12:19 pm - absPath = oauth.json
02/18/2021 01:12:19 pm - file read = {"access_token":"gBQieXwMAJSTSw46bYYvUvX4B1I4Cj","refresh_token":"3p0dfaWrFHVm2GiyatAKtttBq12HXS","expiry":1613775603}
02/18/2021 01:12:25 pm - absPath = oauth.json
02/18/2021 01:12:25 pm - file read = {"access_token":"gBQieXwMAJSTSw46bYYvUvX4B1I4Cj","refresh_token":"3p0dfaWrFHVm2GiyatAKtttBq12HXS","expiry":1613775603}
02/18/2021 01:12:43 pm - absPath = oauth.json
02/18/2021 01:12:43 pm - file read = {"access_token":"gBQieXwMAJSTSw46bYYvUvX4B1I4Cj","refresh_token":"3p0dfaWrFHVm2GiyatAKtttBq12HXS","expiry":1613775603}
02/18/2021 01:12:52 pm - absPath = oauth.json
02/18/2021 01:12:52 pm - file read = {"access_token":"gBQieXwMAJSTSw46bYYvUvX4B1I4Cj","refresh_token":"3p0dfaWrFHVm2GiyatAKtttBq12HXS","expiry":1613775603}
02/18/2021 01:13:05 pm - absPath = oauth.json
02/18/2021 01:13:05 pm - file read = {"access_token":"gBQieXwMAJSTSw46bYYvUvX4B1I4Cj","refresh_token":"3p0dfaWrFHVm2GiyatAKtttBq12HXS","expiry":1613775603}
02/18/2021 01:13:17 pm - absPath = oauth.json
02/18/2021 01:13:17 pm - file read = {"access_token":"gBQieXwMAJSTSw46bYYvUvX4B1I4Cj","refresh_token":"3p0dfaWrFHVm2GiyatAKtttBq12HXS","expiry":1613775603}
02/18/2021 01:13:24 pm - absPath = oauth.json
02/18/2021 01:13:24 pm - file read = {"access_token":"gBQieXwMAJSTSw46bYYvUvX4B1I4Cj","refresh_token":"3p0dfaWrFHVm2GiyatAKtttBq12HXS","expiry":1613775603}
02/18/2021 01:14:26 pm - absPath = oauth.json
02/18/2021 01:14:26 pm - file read = {"access_token":"gBQieXwMAJSTSw46bYYvUvX4B1I4Cj","refresh_token":"3p0dfaWrFHVm2GiyatAKtttBq12HXS","expiry":1613775603}
02/18/2021 01:15:10 pm - absPath = oauth.json
02/18/2021 01:15:10 pm - file read = {"access_token":"gBQieXwMAJSTSw46bYYvUvX4B1I4Cj","refresh_token":"3p0dfaWrFHVm2GiyatAKtttBq12HXS","expiry":1613775603}
02/18/2021 01:15:42 pm - absPath = oauth.json
02/18/2021 01:15:42 pm - file read = {"access_token":"gBQieXwMAJSTSw46bYYvUvX4B1I4Cj","refresh_token":"3p0dfaWrFHVm2GiyatAKtttBq12HXS","expiry":1613775603}
02/18/2021 01:15:46 pm - absPath = oauth.json
02/18/2021 01:15:46 pm - file read = {"access_token":"gBQieXwMAJSTSw46bYYvUvX4B1I4Cj","refresh_token":"3p0dfaWrFHVm2GiyatAKtttBq12HXS","expiry":1613775603}
02/18/2021 01:15:51 pm - absPath = oauth.json
02/18/2021 01:15:51 pm - file read = {"access_token":"gBQieXwMAJSTSw46bYYvUvX4B1I4Cj","refresh_token":"3p0dfaWrFHVm2GiyatAKtttBq12HXS","expiry":1613775603}
02/18/2021 01:20:56 pm - absPath = oauth.json
02/18/2021 01:20:56 pm - file read = {"access_token":"gBQieXwMAJSTSw46bYYvUvX4B1I4Cj","refresh_token":"3p0dfaWrFHVm2GiyatAKtttBq12HXS","expiry":1613775603}
02/18/2021 01:21:06 pm - absPath = oauth.json
02/18/2021 01:21:06 pm - file read = {"access_token":"gBQieXwMAJSTSw46bYYvUvX4B1I4Cj","refresh_token":"3p0dfaWrFHVm2GiyatAKtttBq12HXS","expiry":1613775603}
02/18/2021 01:22:37 pm - absPath = oauth.json
02/18/2021 01:22:37 pm - file read = {"access_token":"gBQieXwMAJSTSw46bYYvUvX4B1I4Cj","refresh_token":"3p0dfaWrFHVm2GiyatAKtttBq12HXS","expiry":1613775603}
02/18/2021 01:27:49 pm - absPath = oauth.json
02/18/2021 01:27:49 pm - file read = {"access_token":"gBQieXwMAJSTSw46bYYvUvX4B1I4Cj","refresh_token":"3p0dfaWrFHVm2GiyatAKtttBq12HXS","expiry":1613775603}
02/18/2021 01:29:57 pm - absPath = oauth.json
02/18/2021 01:29:57 pm - file read = {"access_token":"gBQieXwMAJSTSw46bYYvUvX4B1I4Cj","refresh_token":"3p0dfaWrFHVm2GiyatAKtttBq12HXS","expiry":1613775603}
02/18/2021 01:34:54 pm - absPath = oauth.json
02/18/2021 01:34:54 pm - file read = {"access_token":"gBQieXwMAJSTSw46bYYvUvX4B1I4Cj","refresh_token":"3p0dfaWrFHVm2GiyatAKtttBq12HXS","expiry":1613775603}
02/18/2021 01:35:24 pm - absPath = oauth.json
02/18/2021 01:35:24 pm - file read = {"access_token":"gBQieXwMAJSTSw46bYYvUvX4B1I4Cj","refresh_token":"3p0dfaWrFHVm2GiyatAKtttBq12HXS","expiry":1613775603}
02/18/2021 01:35:48 pm - absPath = oauth.json
02/18/2021 01:35:48 pm - file read = {"access_token":"gBQieXwMAJSTSw46bYYvUvX4B1I4Cj","refresh_token":"3p0dfaWrFHVm2GiyatAKtttBq12HXS","expiry":1613775603}
02/18/2021 01:59:21 pm - absPath = oauth.json
02/18/2021 01:59:21 pm - file read = {"access_token":"gBQieXwMAJSTSw46bYYvUvX4B1I4Cj","refresh_token":"3p0dfaWrFHVm2GiyatAKtttBq12HXS","expiry":1613775603}
02/18/2021 02:00:31 pm - absPath = oauth.json
02/18/2021 02:00:31 pm - file read = {"access_token":"gBQieXwMAJSTSw46bYYvUvX4B1I4Cj","refresh_token":"3p0dfaWrFHVm2GiyatAKtttBq12HXS","expiry":1613775603}
02/18/2021 02:04:43 pm - absPath = oauth.json
02/18/2021 02:04:43 pm - file read = {"access_token":"gBQieXwMAJSTSw46bYYvUvX4B1I4Cj","refresh_token":"3p0dfaWrFHVm2GiyatAKtttBq12HXS","expiry":1613775603}
02/18/2021 02:08:10 pm - absPath = oauth.json
02/18/2021 02:08:10 pm - file read = {"access_token":"gBQieXwMAJSTSw46bYYvUvX4B1I4Cj","refresh_token":"3p0dfaWrFHVm2GiyatAKtttBq12HXS","expiry":1613775603}
02/18/2021 02:08:19 pm - absPath = oauth.json
02/18/2021 02:08:19 pm - file read = {"access_token":"gBQieXwMAJSTSw46bYYvUvX4B1I4Cj","refresh_token":"3p0dfaWrFHVm2GiyatAKtttBq12HXS","expiry":1613775603}
02/18/2021 02:12:05 pm - absPath = oauth.json
02/18/2021 02:12:05 pm - file read = {"access_token":"gBQieXwMAJSTSw46bYYvUvX4B1I4Cj","refresh_token":"3p0dfaWrFHVm2GiyatAKtttBq12HXS","expiry":1613775603}
02/18/2021 02:13:01 pm - absPath = oauth.json
02/18/2021 02:13:01 pm - file read = {"access_token":"gBQieXwMAJSTSw46bYYvUvX4B1I4Cj","refresh_token":"3p0dfaWrFHVm2GiyatAKtttBq12HXS","expiry":1613775603}
02/18/2021 02:18:29 pm - absPath = oauth.json
02/18/2021 02:18:29 pm - file read = {"access_token":"gBQieXwMAJSTSw46bYYvUvX4B1I4Cj","refresh_token":"3p0dfaWrFHVm2GiyatAKtttBq12HXS","expiry":1613775603}
02/18/2021 02:18:40 pm - absPath = oauth.json
02/18/2021 02:18:40 pm - file read = {"access_token":"gBQieXwMAJSTSw46bYYvUvX4B1I4Cj","refresh_token":"3p0dfaWrFHVm2GiyatAKtttBq12HXS","expiry":1613775603}
02/18/2021 02:22:17 pm - absPath = oauth.json
02/18/2021 02:22:17 pm - file read = {"access_token":"gBQieXwMAJSTSw46bYYvUvX4B1I4Cj","refresh_token":"3p0dfaWrFHVm2GiyatAKtttBq12HXS","expiry":1613775603}
02/18/2021 02:23:48 pm - absPath = oauth.json
02/18/2021 02:23:48 pm - file read = {"access_token":"gBQieXwMAJSTSw46bYYvUvX4B1I4Cj","refresh_token":"3p0dfaWrFHVm2GiyatAKtttBq12HXS","expiry":1613775603}
02/18/2021 02:27:48 pm - absPath = oauth.json
02/18/2021 02:27:48 pm - file read = {"access_token":"gBQieXwMAJSTSw46bYYvUvX4B1I4Cj","refresh_token":"3p0dfaWrFHVm2GiyatAKtttBq12HXS","expiry":1613775603}
02/18/2021 02:28:35 pm - absPath = oauth.json
02/18/2021 02:28:35 pm - file read = {"access_token":"gBQieXwMAJSTSw46bYYvUvX4B1I4Cj","refresh_token":"3p0dfaWrFHVm2GiyatAKtttBq12HXS","expiry":1613775603}
02/18/2021 02:31:51 pm - absPath = oauth.json
02/18/2021 02:31:51 pm - file read = {"access_token":"gBQieXwMAJSTSw46bYYvUvX4B1I4Cj","refresh_token":"3p0dfaWrFHVm2GiyatAKtttBq12HXS","expiry":1613775603}
02/18/2021 02:32:53 pm - absPath = oauth.json
02/18/2021 02:32:53 pm - file read = {"access_token":"gBQieXwMAJSTSw46bYYvUvX4B1I4Cj","refresh_token":"3p0dfaWrFHVm2GiyatAKtttBq12HXS","expiry":1613775603}
02/18/2021 02:46:02 pm - absPath = oauth.json
02/18/2021 02:46:02 pm - file read = {"access_token":"gBQieXwMAJSTSw46bYYvUvX4B1I4Cj","refresh_token":"3p0dfaWrFHVm2GiyatAKtttBq12HXS","expiry":1613775603}
02/18/2021 02:51:21 pm - absPath = oauth.json
02/18/2021 02:51:21 pm - file read = {"access_token":"gBQieXwMAJSTSw46bYYvUvX4B1I4Cj","refresh_token":"3p0dfaWrFHVm2GiyatAKtttBq12HXS","expiry":1613775603}
02/18/2021 02:51:52 pm - absPath = oauth.json
02/18/2021 02:51:52 pm - file read = {"access_token":"gBQieXwMAJSTSw46bYYvUvX4B1I4Cj","refresh_token":"3p0dfaWrFHVm2GiyatAKtttBq12HXS","expiry":1613775603}
02/18/2021 02:55:36 pm - absPath = oauth.json
02/18/2021 02:55:36 pm - file read = {"access_token":"gBQieXwMAJSTSw46bYYvUvX4B1I4Cj","refresh_token":"3p0dfaWrFHVm2GiyatAKtttBq12HXS","expiry":1613775603}
02/18/2021 02:56:57 pm - absPath = oauth.json
02/18/2021 02:56:57 pm - file read = {"access_token":"gBQieXwMAJSTSw46bYYvUvX4B1I4Cj","refresh_token":"3p0dfaWrFHVm2GiyatAKtttBq12HXS","expiry":1613775603}
02/18/2021 03:09:27 pm - absPath = oauth.json
02/18/2021 03:09:27 pm - file read = {"access_token":"gBQieXwMAJSTSw46bYYvUvX4B1I4Cj","refresh_token":"3p0dfaWrFHVm2GiyatAKtttBq12HXS","expiry":1613775603}
02/18/2021 03:13:30 pm - absPath = oauth.json
02/18/2021 03:13:30 pm - file read = {"access_token":"gBQieXwMAJSTSw46bYYvUvX4B1I4Cj","refresh_token":"3p0dfaWrFHVm2GiyatAKtttBq12HXS","expiry":1613775603}
02/18/2021 03:13:55 pm - absPath = oauth.json
02/18/2021 03:13:55 pm - file read = {"access_token":"gBQieXwMAJSTSw46bYYvUvX4B1I4Cj","refresh_token":"3p0dfaWrFHVm2GiyatAKtttBq12HXS","expiry":1613775603}
02/18/2021 03:15:38 pm - absPath = oauth.json
02/18/2021 03:15:38 pm - file read = {"access_token":"gBQieXwMAJSTSw46bYYvUvX4B1I4Cj","refresh_token":"3p0dfaWrFHVm2GiyatAKtttBq12HXS","expiry":1613775603}
02/18/2021 03:22:16 pm - absPath = oauth.json
02/18/2021 03:22:16 pm - file read = {"access_token":"gBQieXwMAJSTSw46bYYvUvX4B1I4Cj","refresh_token":"3p0dfaWrFHVm2GiyatAKtttBq12HXS","expiry":1613775603}
02/18/2021 03:22:17 pm - absPath = oauth.json
02/18/2021 03:22:17 pm - file read = {"access_token":"gBQieXwMAJSTSw46bYYvUvX4B1I4Cj","refresh_token":"3p0dfaWrFHVm2GiyatAKtttBq12HXS","expiry":1613775603}
02/18/2021 03:22:21 pm - absPath = oauth.json
02/18/2021 03:22:21 pm - file read = {"access_token":"gBQieXwMAJSTSw46bYYvUvX4B1I4Cj","refresh_token":"3p0dfaWrFHVm2GiyatAKtttBq12HXS","expiry":1613775603}
02/18/2021 03:22:22 pm - absPath = oauth.json
02/18/2021 03:22:22 pm - file read = {"access_token":"gBQieXwMAJSTSw46bYYvUvX4B1I4Cj","refresh_token":"3p0dfaWrFHVm2GiyatAKtttBq12HXS","expiry":1613775603}
02/18/2021 03:22:44 pm - absPath = oauth.json
02/18/2021 03:22:44 pm - file read = {"access_token":"gBQieXwMAJSTSw46bYYvUvX4B1I4Cj","refresh_token":"3p0dfaWrFHVm2GiyatAKtttBq12HXS","expiry":1613775603}
02/18/2021 03:26:19 pm - absPath = oauth.json
02/18/2021 03:26:19 pm - file read = {"access_token":"gBQieXwMAJSTSw46bYYvUvX4B1I4Cj","refresh_token":"3p0dfaWrFHVm2GiyatAKtttBq12HXS","expiry":1613775603}
02/18/2021 03:27:20 pm - absPath = oauth.json
02/18/2021 03:27:20 pm - file read = {"access_token":"gBQieXwMAJSTSw46bYYvUvX4B1I4Cj","refresh_token":"3p0dfaWrFHVm2GiyatAKtttBq12HXS","expiry":1613775603}
02/18/2021 03:27:45 pm - absPath = oauth.json
02/18/2021 03:27:45 pm - file read = {"access_token":"gBQieXwMAJSTSw46bYYvUvX4B1I4Cj","refresh_token":"3p0dfaWrFHVm2GiyatAKtttBq12HXS","expiry":1613775603}
02/18/2021 03:32:48 pm - absPath = oauth.json
02/18/2021 03:32:48 pm - file read = {"access_token":"gBQieXwMAJSTSw46bYYvUvX4B1I4Cj","refresh_token":"3p0dfaWrFHVm2GiyatAKtttBq12HXS","expiry":1613775603}
02/18/2021 03:39:29 pm - absPath = oauth.json
02/18/2021 03:39:29 pm - file read = {"access_token":"gBQieXwMAJSTSw46bYYvUvX4B1I4Cj","refresh_token":"3p0dfaWrFHVm2GiyatAKtttBq12HXS","expiry":1613775603}
02/18/2021 03:41:23 pm - absPath = oauth.json
02/18/2021 03:41:23 pm - file read = {"access_token":"gBQieXwMAJSTSw46bYYvUvX4B1I4Cj","refresh_token":"3p0dfaWrFHVm2GiyatAKtttBq12HXS","expiry":1613775603}
02/18/2021 03:41:52 pm - absPath = oauth.json
02/18/2021 03:41:52 pm - file read = {"access_token":"gBQieXwMAJSTSw46bYYvUvX4B1I4Cj","refresh_token":"3p0dfaWrFHVm2GiyatAKtttBq12HXS","expiry":1613775603}
02/18/2021 03:42:40 pm - absPath = oauth.json
02/18/2021 03:42:40 pm - file read = {"access_token":"gBQieXwMAJSTSw46bYYvUvX4B1I4Cj","refresh_token":"3p0dfaWrFHVm2GiyatAKtttBq12HXS","expiry":1613775603}
02/18/2021 03:45:36 pm - absPath = oauth.json
02/18/2021 03:45:36 pm - file read = {"access_token":"gBQieXwMAJSTSw46bYYvUvX4B1I4Cj","refresh_token":"3p0dfaWrFHVm2GiyatAKtttBq12HXS","expiry":1613775603}
02/18/2021 03:53:47 pm - absPath = oauth.json
02/18/2021 03:53:47 pm - file read = {"access_token":"gBQieXwMAJSTSw46bYYvUvX4B1I4Cj","refresh_token":"3p0dfaWrFHVm2GiyatAKtttBq12HXS","expiry":1613775603}
02/18/2021 03:54:23 pm - absPath = oauth.json
02/18/2021 03:54:23 pm - file read = {"access_token":"gBQieXwMAJSTSw46bYYvUvX4B1I4Cj","refresh_token":"3p0dfaWrFHVm2GiyatAKtttBq12HXS","expiry":1613775603}
02/18/2021 03:56:06 pm - absPath = oauth.json
02/18/2021 03:56:06 pm - file read = {"access_token":"gBQieXwMAJSTSw46bYYvUvX4B1I4Cj","refresh_token":"3p0dfaWrFHVm2GiyatAKtttBq12HXS","expiry":1613775603}
02/18/2021 03:59:33 pm - absPath = oauth.json
02/18/2021 03:59:33 pm - file read = {"access_token":"gBQieXwMAJSTSw46bYYvUvX4B1I4Cj","refresh_token":"3p0dfaWrFHVm2GiyatAKtttBq12HXS","expiry":1613775603}
02/18/2021 04:05:24 pm - absPath = oauth.json
02/18/2021 04:05:24 pm - file read = {"access_token":"gBQieXwMAJSTSw46bYYvUvX4B1I4Cj","refresh_token":"3p0dfaWrFHVm2GiyatAKtttBq12HXS","expiry":1613775603}
02/18/2021 04:06:04 pm - absPath = oauth.json
02/18/2021 04:06:04 pm - file read = {"access_token":"gBQieXwMAJSTSw46bYYvUvX4B1I4Cj","refresh_token":"3p0dfaWrFHVm2GiyatAKtttBq12HXS","expiry":1613775603}
02/18/2021 04:06:15 pm - absPath = oauth.json
02/18/2021 04:06:15 pm - file read = {"access_token":"gBQieXwMAJSTSw46bYYvUvX4B1I4Cj","refresh_token":"3p0dfaWrFHVm2GiyatAKtttBq12HXS","expiry":1613775603}
02/18/2021 04:06:19 pm - absPath = oauth.json
02/18/2021 04:06:19 pm - file read = {"access_token":"gBQieXwMAJSTSw46bYYvUvX4B1I4Cj","refresh_token":"3p0dfaWrFHVm2GiyatAKtttBq12HXS","expiry":1613775603}
02/18/2021 04:06:45 pm - absPath = oauth.json
02/18/2021 04:06:45 pm - file read = {"access_token":"gBQieXwMAJSTSw46bYYvUvX4B1I4Cj","refresh_token":"3p0dfaWrFHVm2GiyatAKtttBq12HXS","expiry":1613775603}
02/18/2021 04:17:23 pm - absPath = oauth.json
02/18/2021 04:17:23 pm - file read = {"access_token":"gBQieXwMAJSTSw46bYYvUvX4B1I4Cj","refresh_token":"3p0dfaWrFHVm2GiyatAKtttBq12HXS","expiry":1613775603}
02/18/2021 04:18:02 pm - absPath = oauth.json
02/18/2021 04:18:02 pm - file read = {"access_token":"gBQieXwMAJSTSw46bYYvUvX4B1I4Cj","refresh_token":"3p0dfaWrFHVm2GiyatAKtttBq12HXS","expiry":1613775603}
02/18/2021 04:20:47 pm - absPath = oauth.json
02/18/2021 04:20:47 pm - file read = {"access_token":"gBQieXwMAJSTSw46bYYvUvX4B1I4Cj","refresh_token":"3p0dfaWrFHVm2GiyatAKtttBq12HXS","expiry":1613775603}
02/18/2021 04:21:22 pm - absPath = oauth.json
02/18/2021 04:21:22 pm - file read = {"access_token":"gBQieXwMAJSTSw46bYYvUvX4B1I4Cj","refresh_token":"3p0dfaWrFHVm2GiyatAKtttBq12HXS","expiry":1613775603}
02/18/2021 04:21:36 pm - absPath = oauth.json
02/18/2021 04:21:36 pm - file read = {"access_token":"gBQieXwMAJSTSw46bYYvUvX4B1I4Cj","refresh_token":"3p0dfaWrFHVm2GiyatAKtttBq12HXS","expiry":1613775603}
02/18/2021 04:21:40 pm - absPath = oauth.json
02/18/2021 04:21:40 pm - file read = {"access_token":"gBQieXwMAJSTSw46bYYvUvX4B1I4Cj","refresh_token":"3p0dfaWrFHVm2GiyatAKtttBq12HXS","expiry":1613775603}
02/18/2021 04:22:04 pm - absPath = oauth.json
02/18/2021 04:22:04 pm - file read = {"access_token":"gBQieXwMAJSTSw46bYYvUvX4B1I4Cj","refresh_token":"3p0dfaWrFHVm2GiyatAKtttBq12HXS","expiry":1613775603}
02/18/2021 04:22:43 pm - absPath = oauth.json
02/18/2021 04:22:43 pm - file read = {"access_token":"gBQieXwMAJSTSw46bYYvUvX4B1I4Cj","refresh_token":"3p0dfaWrFHVm2GiyatAKtttBq12HXS","expiry":1613775603}
02/18/2021 04:23:32 pm - absPath = oauth.json
02/18/2021 04:23:32 pm - file read = {"access_token":"gBQieXwMAJSTSw46bYYvUvX4B1I4Cj","refresh_token":"3p0dfaWrFHVm2GiyatAKtttBq12HXS","expiry":1613775603}
02/18/2021 04:25:17 pm - absPath = oauth.json
02/18/2021 04:25:17 pm - file read = {"access_token":"gBQieXwMAJSTSw46bYYvUvX4B1I4Cj","refresh_token":"3p0dfaWrFHVm2GiyatAKtttBq12HXS","expiry":1613775603}
02/18/2021 04:27:11 pm - absPath = oauth.json
02/18/2021 04:27:11 pm - file read = {"access_token":"gBQieXwMAJSTSw46bYYvUvX4B1I4Cj","refresh_token":"3p0dfaWrFHVm2GiyatAKtttBq12HXS","expiry":1613775603}
02/18/2021 04:27:56 pm - absPath = oauth.json
02/18/2021 04:27:56 pm - file read = {"access_token":"gBQieXwMAJSTSw46bYYvUvX4B1I4Cj","refresh_token":"3p0dfaWrFHVm2GiyatAKtttBq12HXS","expiry":1613775603}
02/18/2021 04:28:23 pm - absPath = oauth.json
02/18/2021 04:28:23 pm - file read = {"access_token":"gBQieXwMAJSTSw46bYYvUvX4B1I4Cj","refresh_token":"3p0dfaWrFHVm2GiyatAKtttBq12HXS","expiry":1613775603}
02/18/2021 04:28:29 pm - absPath = oauth.json
02/18/2021 04:28:29 pm - file read = {"access_token":"gBQieXwMAJSTSw46bYYvUvX4B1I4Cj","refresh_token":"3p0dfaWrFHVm2GiyatAKtttBq12HXS","expiry":1613775603}
02/18/2021 04:28:33 pm - absPath = oauth.json
02/18/2021 04:28:33 pm - file read = {"access_token":"gBQieXwMAJSTSw46bYYvUvX4B1I4Cj","refresh_token":"3p0dfaWrFHVm2GiyatAKtttBq12HXS","expiry":1613775603}
02/18/2021 04:28:40 pm - absPath = oauth.json
02/18/2021 04:28:40 pm - file read = {"access_token":"gBQieXwMAJSTSw46bYYvUvX4B1I4Cj","refresh_token":"3p0dfaWrFHVm2GiyatAKtttBq12HXS","expiry":1613775603}
02/18/2021 04:28:43 pm - absPath = oauth.json
02/18/2021 04:28:43 pm - file read = {"access_token":"gBQieXwMAJSTSw46bYYvUvX4B1I4Cj","refresh_token":"3p0dfaWrFHVm2GiyatAKtttBq12HXS","expiry":1613775603}
02/18/2021 04:28:46 pm - absPath = oauth.json
02/18/2021 04:28:46 pm - file read = {"access_token":"gBQieXwMAJSTSw46bYYvUvX4B1I4Cj","refresh_token":"3p0dfaWrFHVm2GiyatAKtttBq12HXS","expiry":1613775603}
02/18/2021 04:28:54 pm - absPath = oauth.json
02/18/2021 04:28:54 pm - file read = {"access_token":"gBQieXwMAJSTSw46bYYvUvX4B1I4Cj","refresh_token":"3p0dfaWrFHVm2GiyatAKtttBq12HXS","expiry":1613775603}
02/18/2021 04:28:56 pm - absPath = oauth.json
02/18/2021 04:28:56 pm - file read = {"access_token":"gBQieXwMAJSTSw46bYYvUvX4B1I4Cj","refresh_token":"3p0dfaWrFHVm2GiyatAKtttBq12HXS","expiry":1613775603}
02/18/2021 04:28:59 pm - absPath = oauth.json
02/18/2021 04:28:59 pm - file read = {"access_token":"gBQieXwMAJSTSw46bYYvUvX4B1I4Cj","refresh_token":"3p0dfaWrFHVm2GiyatAKtttBq12HXS","expiry":1613775603}
02/18/2021 04:29:02 pm - absPath = oauth.json
02/18/2021 04:29:02 pm - file read = {"access_token":"gBQieXwMAJSTSw46bYYvUvX4B1I4Cj","refresh_token":"3p0dfaWrFHVm2GiyatAKtttBq12HXS","expiry":1613775603}
02/18/2021 04:29:22 pm - absPath = oauth.json
02/18/2021 04:29:22 pm - file read = {"access_token":"gBQieXwMAJSTSw46bYYvUvX4B1I4Cj","refresh_token":"3p0dfaWrFHVm2GiyatAKtttBq12HXS","expiry":1613775603}
02/18/2021 04:30:34 pm - absPath = oauth.json
02/18/2021 04:30:34 pm - file read = {"access_token":"gBQieXwMAJSTSw46bYYvUvX4B1I4Cj","refresh_token":"3p0dfaWrFHVm2GiyatAKtttBq12HXS","expiry":1613775603}
02/18/2021 04:30:34 pm - absPath = oauth.json
02/18/2021 04:30:34 pm - file read = {"access_token":"gBQieXwMAJSTSw46bYYvUvX4B1I4Cj","refresh_token":"3p0dfaWrFHVm2GiyatAKtttBq12HXS","expiry":1613775603}
02/18/2021 04:30:35 pm - absPath = oauth.json
02/18/2021 04:30:35 pm - file read = {"access_token":"gBQieXwMAJSTSw46bYYvUvX4B1I4Cj","refresh_token":"3p0dfaWrFHVm2GiyatAKtttBq12HXS","expiry":1613775603}
02/18/2021 04:30:37 pm - absPath = oauth.json
02/18/2021 04:30:37 pm - file read = {"access_token":"gBQieXwMAJSTSw46bYYvUvX4B1I4Cj","refresh_token":"3p0dfaWrFHVm2GiyatAKtttBq12HXS","expiry":1613775603}
02/18/2021 04:31:25 pm - absPath = oauth.json
02/18/2021 04:31:25 pm - file read = {"access_token":"gBQieXwMAJSTSw46bYYvUvX4B1I4Cj","refresh_token":"3p0dfaWrFHVm2GiyatAKtttBq12HXS","expiry":1613775603}
02/18/2021 04:31:27 pm - absPath = oauth.json
02/18/2021 04:31:27 pm - file read = {"access_token":"gBQieXwMAJSTSw46bYYvUvX4B1I4Cj","refresh_token":"3p0dfaWrFHVm2GiyatAKtttBq12HXS","expiry":1613775603}
02/18/2021 04:31:30 pm - absPath = oauth.json
02/18/2021 04:31:30 pm - file read = {"access_token":"gBQieXwMAJSTSw46bYYvUvX4B1I4Cj","refresh_token":"3p0dfaWrFHVm2GiyatAKtttBq12HXS","expiry":1613775603}
02/18/2021 04:35:25 pm - absPath = oauth.json
02/18/2021 04:35:25 pm - file read = {"access_token":"gBQieXwMAJSTSw46bYYvUvX4B1I4Cj","refresh_token":"3p0dfaWrFHVm2GiyatAKtttBq12HXS","expiry":1613775603}
02/18/2021 04:37:12 pm - absPath = oauth.json
02/18/2021 04:37:12 pm - file read = {"access_token":"gBQieXwMAJSTSw46bYYvUvX4B1I4Cj","refresh_token":"3p0dfaWrFHVm2GiyatAKtttBq12HXS","expiry":1613775603}
02/18/2021 04:37:42 pm - absPath = oauth.json
02/18/2021 04:37:42 pm - file read = {"access_token":"gBQieXwMAJSTSw46bYYvUvX4B1I4Cj","refresh_token":"3p0dfaWrFHVm2GiyatAKtttBq12HXS","expiry":1613775603}
02/18/2021 04:38:15 pm - absPath = oauth.json
02/18/2021 04:38:15 pm - file read = {"access_token":"gBQieXwMAJSTSw46bYYvUvX4B1I4Cj","refresh_token":"3p0dfaWrFHVm2GiyatAKtttBq12HXS","expiry":1613775603}
02/18/2021 04:39:17 pm - absPath = oauth.json
02/18/2021 04:39:17 pm - file read = {"access_token":"gBQieXwMAJSTSw46bYYvUvX4B1I4Cj","refresh_token":"3p0dfaWrFHVm2GiyatAKtttBq12HXS","expiry":1613775603}
02/18/2021 04:39:36 pm - absPath = oauth.json
02/18/2021 04:39:36 pm - file read = {"access_token":"gBQieXwMAJSTSw46bYYvUvX4B1I4Cj","refresh_token":"3p0dfaWrFHVm2GiyatAKtttBq12HXS","expiry":1613775603}
02/18/2021 05:08:10 pm - absPath = oauth.json
02/18/2021 05:08:10 pm - file read = {"access_token":"gBQieXwMAJSTSw46bYYvUvX4B1I4Cj","refresh_token":"3p0dfaWrFHVm2GiyatAKtttBq12HXS","expiry":1613775603}
02/18/2021 05:08:14 pm - absPath = oauth.json
02/18/2021 05:08:14 pm - file read = {"access_token":"gBQieXwMAJSTSw46bYYvUvX4B1I4Cj","refresh_token":"3p0dfaWrFHVm2GiyatAKtttBq12HXS","expiry":1613775603}
02/18/2021 05:08:22 pm - absPath = oauth.json
02/18/2021 05:08:22 pm - file read = {"access_token":"gBQieXwMAJSTSw46bYYvUvX4B1I4Cj","refresh_token":"3p0dfaWrFHVm2GiyatAKtttBq12HXS","expiry":1613775603}
02/18/2021 06:09:01 pm - absPath = oauth.json
02/18/2021 06:09:01 pm - file read = {"access_token":"gBQieXwMAJSTSw46bYYvUvX4B1I4Cj","refresh_token":"3p0dfaWrFHVm2GiyatAKtttBq12HXS","expiry":1613775603}
02/18/2021 06:51:28 pm - absPath = oauth.json
02/18/2021 06:51:28 pm - file read = {"access_token":"gBQieXwMAJSTSw46bYYvUvX4B1I4Cj","refresh_token":"3p0dfaWrFHVm2GiyatAKtttBq12HXS","expiry":1613775603}
02/18/2021 09:05:23 pm - absPath = oauth.json
02/18/2021 09:05:23 pm - file read = {"access_token":"gBQieXwMAJSTSw46bYYvUvX4B1I4Cj","refresh_token":"3p0dfaWrFHVm2GiyatAKtttBq12HXS","expiry":1613775603}
02/18/2021 09:05:23 pm - absPath = oauth.json
02/18/2021 09:05:23 pm - file read = {"access_token":"gBQieXwMAJSTSw46bYYvUvX4B1I4Cj","refresh_token":"3p0dfaWrFHVm2GiyatAKtttBq12HXS","expiry":1613775603}
02/18/2021 09:05:27 pm - absPath = oauth.json
02/18/2021 09:05:27 pm - file read = {"access_token":"gBQieXwMAJSTSw46bYYvUvX4B1I4Cj","refresh_token":"3p0dfaWrFHVm2GiyatAKtttBq12HXS","expiry":1613775603}
