02/13/2021 01:49:54 pm - absPath = oauth.json
02/13/2021 01:49:54 pm - file read = {"access_token":"KvmgJy4DwCFZaH6vxtT6Ytg4hYydOQ","refresh_token":"3p0dfaWrFHVm2GiyatAKtttBq12HXS","expiry":1613257203}
02/13/2021 01:49:55 pm - absPath = oauth.json
02/13/2021 01:49:55 pm - file read = {"access_token":"KvmgJy4DwCFZaH6vxtT6Ytg4hYydOQ","refresh_token":"3p0dfaWrFHVm2GiyatAKtttBq12HXS","expiry":1613257203}
02/13/2021 01:49:56 pm - absPath = oauth.json
02/13/2021 01:49:56 pm - file read = {"access_token":"KvmgJy4DwCFZaH6vxtT6Ytg4hYydOQ","refresh_token":"3p0dfaWrFHVm2GiyatAKtttBq12HXS","expiry":1613257203}
02/13/2021 01:50:35 pm - absPath = oauth.json
02/13/2021 01:50:35 pm - file read = {"access_token":"KvmgJy4DwCFZaH6vxtT6Ytg4hYydOQ","refresh_token":"3p0dfaWrFHVm2GiyatAKtttBq12HXS","expiry":1613257203}
02/13/2021 01:50:37 pm - absPath = oauth.json
02/13/2021 01:50:37 pm - file read = {"access_token":"KvmgJy4DwCFZaH6vxtT6Ytg4hYydOQ","refresh_token":"3p0dfaWrFHVm2GiyatAKtttBq12HXS","expiry":1613257203}
02/13/2021 01:55:06 pm - absPath = oauth.json
02/13/2021 01:55:06 pm - file read = {"access_token":"KvmgJy4DwCFZaH6vxtT6Ytg4hYydOQ","refresh_token":"3p0dfaWrFHVm2GiyatAKtttBq12HXS","expiry":1613257203}
02/13/2021 02:18:48 pm - absPath = oauth.json
02/13/2021 02:18:48 pm - file read = {"access_token":"KvmgJy4DwCFZaH6vxtT6Ytg4hYydOQ","refresh_token":"3p0dfaWrFHVm2GiyatAKtttBq12HXS","expiry":1613257203}
02/13/2021 02:18:48 pm - absPath = oauth.json
02/13/2021 02:18:48 pm - file read = {"access_token":"KvmgJy4DwCFZaH6vxtT6Ytg4hYydOQ","refresh_token":"3p0dfaWrFHVm2GiyatAKtttBq12HXS","expiry":1613257203}
02/13/2021 02:18:49 pm - absPath = oauth.json
02/13/2021 02:18:49 pm - file read = {"access_token":"KvmgJy4DwCFZaH6vxtT6Ytg4hYydOQ","refresh_token":"3p0dfaWrFHVm2GiyatAKtttBq12HXS","expiry":1613257203}
02/13/2021 02:18:53 pm - absPath = oauth.json
02/13/2021 02:18:53 pm - file read = {"access_token":"KvmgJy4DwCFZaH6vxtT6Ytg4hYydOQ","refresh_token":"3p0dfaWrFHVm2GiyatAKtttBq12HXS","expiry":1613257203}
02/13/2021 02:18:53 pm - absPath = oauth.json
02/13/2021 02:18:53 pm - file read = {"access_token":"KvmgJy4DwCFZaH6vxtT6Ytg4hYydOQ","refresh_token":"3p0dfaWrFHVm2GiyatAKtttBq12HXS","expiry":1613257203}
02/13/2021 02:18:54 pm - absPath = oauth.json
02/13/2021 02:18:54 pm - file read = {"access_token":"KvmgJy4DwCFZaH6vxtT6Ytg4hYydOQ","refresh_token":"3p0dfaWrFHVm2GiyatAKtttBq12HXS","expiry":1613257203}
02/13/2021 02:19:04 pm - absPath = oauth.json
02/13/2021 02:19:04 pm - file read = {"access_token":"KvmgJy4DwCFZaH6vxtT6Ytg4hYydOQ","refresh_token":"3p0dfaWrFHVm2GiyatAKtttBq12HXS","expiry":1613257203}
02/13/2021 02:20:45 pm - absPath = oauth.json
02/13/2021 02:20:45 pm - file read = {"access_token":"KvmgJy4DwCFZaH6vxtT6Ytg4hYydOQ","refresh_token":"3p0dfaWrFHVm2GiyatAKtttBq12HXS","expiry":1613257203}
02/13/2021 03:17:27 pm - absPath = oauth.json
02/13/2021 03:17:27 pm - file read = {"access_token":"KvmgJy4DwCFZaH6vxtT6Ytg4hYydOQ","refresh_token":"3p0dfaWrFHVm2GiyatAKtttBq12HXS","expiry":1613257203}
02/13/2021 03:41:28 pm - absPath = oauth.json
02/13/2021 03:41:28 pm - file read = {"access_token":"KvmgJy4DwCFZaH6vxtT6Ytg4hYydOQ","refresh_token":"3p0dfaWrFHVm2GiyatAKtttBq12HXS","expiry":1613257203}
02/13/2021 03:41:31 pm - absPath = oauth.json
02/13/2021 03:41:31 pm - file read = {"access_token":"KvmgJy4DwCFZaH6vxtT6Ytg4hYydOQ","refresh_token":"3p0dfaWrFHVm2GiyatAKtttBq12HXS","expiry":1613257203}
02/13/2021 04:06:16 pm - absPath = oauth.json
02/13/2021 04:06:16 pm - file read = {"access_token":"KvmgJy4DwCFZaH6vxtT6Ytg4hYydOQ","refresh_token":"3p0dfaWrFHVm2GiyatAKtttBq12HXS","expiry":1613257203}
02/13/2021 04:06:17 pm - absPath = oauth.json
02/13/2021 04:06:17 pm - file read = {"access_token":"KvmgJy4DwCFZaH6vxtT6Ytg4hYydOQ","refresh_token":"3p0dfaWrFHVm2GiyatAKtttBq12HXS","expiry":1613257203}
02/13/2021 04:06:19 pm - absPath = oauth.json
02/13/2021 04:06:19 pm - file read = {"access_token":"KvmgJy4DwCFZaH6vxtT6Ytg4hYydOQ","refresh_token":"3p0dfaWrFHVm2GiyatAKtttBq12HXS","expiry":1613257203}
02/13/2021 04:06:22 pm - absPath = oauth.json
02/13/2021 04:06:22 pm - file read = {"access_token":"KvmgJy4DwCFZaH6vxtT6Ytg4hYydOQ","refresh_token":"3p0dfaWrFHVm2GiyatAKtttBq12HXS","expiry":1613257203}
02/13/2021 04:06:23 pm - absPath = oauth.json
02/13/2021 04:06:23 pm - file read = {"access_token":"KvmgJy4DwCFZaH6vxtT6Ytg4hYydOQ","refresh_token":"3p0dfaWrFHVm2GiyatAKtttBq12HXS","expiry":1613257203}
02/13/2021 04:06:26 pm - absPath = oauth.json
02/13/2021 04:06:26 pm - file read = {"access_token":"KvmgJy4DwCFZaH6vxtT6Ytg4hYydOQ","refresh_token":"3p0dfaWrFHVm2GiyatAKtttBq12HXS","expiry":1613257203}
02/13/2021 04:06:57 pm - absPath = oauth.json
02/13/2021 04:06:57 pm - file read = {"access_token":"KvmgJy4DwCFZaH6vxtT6Ytg4hYydOQ","refresh_token":"3p0dfaWrFHVm2GiyatAKtttBq12HXS","expiry":1613257203}
02/13/2021 04:09:45 pm - absPath = oauth.json
02/13/2021 04:09:45 pm - file read = {"access_token":"KvmgJy4DwCFZaH6vxtT6Ytg4hYydOQ","refresh_token":"3p0dfaWrFHVm2GiyatAKtttBq12HXS","expiry":1613257203}
02/13/2021 04:28:01 pm - absPath = oauth.json
02/13/2021 04:28:01 pm - file read = {"access_token":"KvmgJy4DwCFZaH6vxtT6Ytg4hYydOQ","refresh_token":"3p0dfaWrFHVm2GiyatAKtttBq12HXS","expiry":1613257203}
02/13/2021 04:33:23 pm - absPath = oauth.json
02/13/2021 04:33:23 pm - file read = {"access_token":"KvmgJy4DwCFZaH6vxtT6Ytg4hYydOQ","refresh_token":"3p0dfaWrFHVm2GiyatAKtttBq12HXS","expiry":1613257203}
02/13/2021 04:33:30 pm - absPath = oauth.json
02/13/2021 04:33:30 pm - file read = {"access_token":"KvmgJy4DwCFZaH6vxtT6Ytg4hYydOQ","refresh_token":"3p0dfaWrFHVm2GiyatAKtttBq12HXS","expiry":1613257203}
02/13/2021 04:33:41 pm - absPath = oauth.json
02/13/2021 04:33:41 pm - file read = {"access_token":"KvmgJy4DwCFZaH6vxtT6Ytg4hYydOQ","refresh_token":"3p0dfaWrFHVm2GiyatAKtttBq12HXS","expiry":1613257203}
02/13/2021 04:33:41 pm - absPath = oauth.json
02/13/2021 04:33:41 pm - file read = {"access_token":"KvmgJy4DwCFZaH6vxtT6Ytg4hYydOQ","refresh_token":"3p0dfaWrFHVm2GiyatAKtttBq12HXS","expiry":1613257203}
02/13/2021 04:33:41 pm - absPath = oauth.json
02/13/2021 04:33:41 pm - file read = {"access_token":"KvmgJy4DwCFZaH6vxtT6Ytg4hYydOQ","refresh_token":"3p0dfaWrFHVm2GiyatAKtttBq12HXS","expiry":1613257203}
02/13/2021 04:34:25 pm - absPath = oauth.json
02/13/2021 04:34:25 pm - file read = {"access_token":"KvmgJy4DwCFZaH6vxtT6Ytg4hYydOQ","refresh_token":"3p0dfaWrFHVm2GiyatAKtttBq12HXS","expiry":1613257203}
02/13/2021 05:22:36 pm - absPath = oauth.json
02/13/2021 05:22:36 pm - file read = {"access_token":"KvmgJy4DwCFZaH6vxtT6Ytg4hYydOQ","refresh_token":"3p0dfaWrFHVm2GiyatAKtttBq12HXS","expiry":1613257203}
02/13/2021 06:19:20 pm - absPath = oauth.json
02/13/2021 06:19:20 pm - file read = {"access_token":"nHCjsdy4I9tp3nfCANboxHihwHdQBF","refresh_token":"3p0dfaWrFHVm2GiyatAKtttBq12HXS","expiry":1613430003}
02/13/2021 07:46:24 pm - absPath = oauth.json
02/13/2021 07:46:24 pm - file read = {"access_token":"nHCjsdy4I9tp3nfCANboxHihwHdQBF","refresh_token":"3p0dfaWrFHVm2GiyatAKtttBq12HXS","expiry":1613430003}
02/13/2021 07:46:25 pm - absPath = oauth.json
02/13/2021 07:46:25 pm - file read = {"access_token":"nHCjsdy4I9tp3nfCANboxHihwHdQBF","refresh_token":"3p0dfaWrFHVm2GiyatAKtttBq12HXS","expiry":1613430003}
02/13/2021 08:34:12 pm - absPath = oauth.json
02/13/2021 08:34:12 pm - file read = {"access_token":"nHCjsdy4I9tp3nfCANboxHihwHdQBF","refresh_token":"3p0dfaWrFHVm2GiyatAKtttBq12HXS","expiry":1613430003}
02/13/2021 09:41:05 pm - absPath = oauth.json
02/13/2021 09:41:05 pm - file read = {"access_token":"nHCjsdy4I9tp3nfCANboxHihwHdQBF","refresh_token":"3p0dfaWrFHVm2GiyatAKtttBq12HXS","expiry":1613430003}
02/13/2021 09:45:58 pm - absPath = oauth.json
02/13/2021 09:45:58 pm - file read = {"access_token":"nHCjsdy4I9tp3nfCANboxHihwHdQBF","refresh_token":"3p0dfaWrFHVm2GiyatAKtttBq12HXS","expiry":1613430003}
02/13/2021 09:46:13 pm - absPath = oauth.json
02/13/2021 09:46:13 pm - file read = {"access_token":"nHCjsdy4I9tp3nfCANboxHihwHdQBF","refresh_token":"3p0dfaWrFHVm2GiyatAKtttBq12HXS","expiry":1613430003}
02/13/2021 09:48:09 pm - absPath = oauth.json
02/13/2021 09:48:09 pm - file read = {"access_token":"nHCjsdy4I9tp3nfCANboxHihwHdQBF","refresh_token":"3p0dfaWrFHVm2GiyatAKtttBq12HXS","expiry":1613430003}
02/13/2021 09:48:10 pm - absPath = oauth.json
02/13/2021 09:48:10 pm - file read = {"access_token":"nHCjsdy4I9tp3nfCANboxHihwHdQBF","refresh_token":"3p0dfaWrFHVm2GiyatAKtttBq12HXS","expiry":1613430003}
02/14/2021 12:49:05 am - absPath = oauth.json
02/14/2021 12:49:05 am - file read = {"access_token":"nHCjsdy4I9tp3nfCANboxHihwHdQBF","refresh_token":"3p0dfaWrFHVm2GiyatAKtttBq12HXS","expiry":1613430003}
02/14/2021 08:15:12 am - absPath = oauth.json
02/14/2021 08:15:12 am - file read = {"access_token":"nHCjsdy4I9tp3nfCANboxHihwHdQBF","refresh_token":"3p0dfaWrFHVm2GiyatAKtttBq12HXS","expiry":1613430003}
02/14/2021 10:29:27 am - absPath = oauth.json
02/14/2021 10:29:27 am - file read = {"access_token":"nHCjsdy4I9tp3nfCANboxHihwHdQBF","refresh_token":"3p0dfaWrFHVm2GiyatAKtttBq12HXS","expiry":1613430003}
02/14/2021 10:29:27 am - absPath = oauth.json
02/14/2021 10:29:27 am - file read = {"access_token":"nHCjsdy4I9tp3nfCANboxHihwHdQBF","refresh_token":"3p0dfaWrFHVm2GiyatAKtttBq12HXS","expiry":1613430003}
02/14/2021 10:29:27 am - absPath = oauth.json
02/14/2021 10:29:27 am - file read = {"access_token":"nHCjsdy4I9tp3nfCANboxHihwHdQBF","refresh_token":"3p0dfaWrFHVm2GiyatAKtttBq12HXS","expiry":1613430003}
02/14/2021 10:36:08 am - absPath = oauth.json
02/14/2021 10:36:08 am - file read = {"access_token":"nHCjsdy4I9tp3nfCANboxHihwHdQBF","refresh_token":"3p0dfaWrFHVm2GiyatAKtttBq12HXS","expiry":1613430003}
02/14/2021 10:36:09 am - absPath = oauth.json
02/14/2021 10:36:09 am - file read = {"access_token":"nHCjsdy4I9tp3nfCANboxHihwHdQBF","refresh_token":"3p0dfaWrFHVm2GiyatAKtttBq12HXS","expiry":1613430003}
02/14/2021 10:36:09 am - absPath = oauth.json
02/14/2021 10:36:09 am - file read = {"access_token":"nHCjsdy4I9tp3nfCANboxHihwHdQBF","refresh_token":"3p0dfaWrFHVm2GiyatAKtttBq12HXS","expiry":1613430003}
02/14/2021 10:36:31 am - absPath = oauth.json
02/14/2021 10:36:31 am - file read = {"access_token":"nHCjsdy4I9tp3nfCANboxHihwHdQBF","refresh_token":"3p0dfaWrFHVm2GiyatAKtttBq12HXS","expiry":1613430003}
02/14/2021 10:37:14 am - absPath = oauth.json
02/14/2021 10:37:14 am - file read = {"access_token":"nHCjsdy4I9tp3nfCANboxHihwHdQBF","refresh_token":"3p0dfaWrFHVm2GiyatAKtttBq12HXS","expiry":1613430003}
02/14/2021 11:04:58 am - absPath = oauth.json
02/14/2021 11:04:58 am - file read = {"access_token":"nHCjsdy4I9tp3nfCANboxHihwHdQBF","refresh_token":"3p0dfaWrFHVm2GiyatAKtttBq12HXS","expiry":1613430003}
02/14/2021 11:41:19 am - absPath = oauth.json
02/14/2021 11:41:19 am - file read = {"access_token":"nHCjsdy4I9tp3nfCANboxHihwHdQBF","refresh_token":"3p0dfaWrFHVm2GiyatAKtttBq12HXS","expiry":1613430003}
02/14/2021 12:42:56 pm - absPath = oauth.json
02/14/2021 12:42:56 pm - file read = {"access_token":"nHCjsdy4I9tp3nfCANboxHihwHdQBF","refresh_token":"3p0dfaWrFHVm2GiyatAKtttBq12HXS","expiry":1613430003}
02/14/2021 12:44:00 pm - absPath = oauth.json
02/14/2021 12:44:00 pm - file read = {"access_token":"nHCjsdy4I9tp3nfCANboxHihwHdQBF","refresh_token":"3p0dfaWrFHVm2GiyatAKtttBq12HXS","expiry":1613430003}
02/14/2021 12:44:00 pm - absPath = oauth.json
02/14/2021 12:44:00 pm - file read = {"access_token":"nHCjsdy4I9tp3nfCANboxHihwHdQBF","refresh_token":"3p0dfaWrFHVm2GiyatAKtttBq12HXS","expiry":1613430003}
02/14/2021 12:44:00 pm - absPath = oauth.json
02/14/2021 12:44:00 pm - file read = {"access_token":"nHCjsdy4I9tp3nfCANboxHihwHdQBF","refresh_token":"3p0dfaWrFHVm2GiyatAKtttBq12HXS","expiry":1613430003}
02/14/2021 12:44:01 pm - absPath = oauth.json
02/14/2021 12:44:01 pm - file read = {"access_token":"nHCjsdy4I9tp3nfCANboxHihwHdQBF","refresh_token":"3p0dfaWrFHVm2GiyatAKtttBq12HXS","expiry":1613430003}
02/14/2021 12:44:01 pm - absPath = oauth.json
02/14/2021 12:44:01 pm - file read = {"access_token":"nHCjsdy4I9tp3nfCANboxHihwHdQBF","refresh_token":"3p0dfaWrFHVm2GiyatAKtttBq12HXS","expiry":1613430003}
02/14/2021 12:44:06 pm - absPath = oauth.json
02/14/2021 12:44:06 pm - file read = {"access_token":"nHCjsdy4I9tp3nfCANboxHihwHdQBF","refresh_token":"3p0dfaWrFHVm2GiyatAKtttBq12HXS","expiry":1613430003}
02/14/2021 12:44:06 pm - absPath = oauth.json
02/14/2021 12:44:06 pm - file read = {"access_token":"nHCjsdy4I9tp3nfCANboxHihwHdQBF","refresh_token":"3p0dfaWrFHVm2GiyatAKtttBq12HXS","expiry":1613430003}
02/14/2021 12:44:06 pm - absPath = oauth.json
02/14/2021 12:44:06 pm - file read = {"access_token":"nHCjsdy4I9tp3nfCANboxHihwHdQBF","refresh_token":"3p0dfaWrFHVm2GiyatAKtttBq12HXS","expiry":1613430003}
02/14/2021 12:44:36 pm - absPath = oauth.json
02/14/2021 12:44:36 pm - file read = {"access_token":"nHCjsdy4I9tp3nfCANboxHihwHdQBF","refresh_token":"3p0dfaWrFHVm2GiyatAKtttBq12HXS","expiry":1613430003}
02/14/2021 12:44:43 pm - absPath = oauth.json
02/14/2021 12:44:43 pm - file read = {"access_token":"nHCjsdy4I9tp3nfCANboxHihwHdQBF","refresh_token":"3p0dfaWrFHVm2GiyatAKtttBq12HXS","expiry":1613430003}
02/14/2021 12:45:00 pm - absPath = oauth.json
02/14/2021 12:45:00 pm - file read = {"access_token":"nHCjsdy4I9tp3nfCANboxHihwHdQBF","refresh_token":"3p0dfaWrFHVm2GiyatAKtttBq12HXS","expiry":1613430003}
02/14/2021 12:50:39 pm - absPath = oauth.json
02/14/2021 12:50:39 pm - file read = {"access_token":"nHCjsdy4I9tp3nfCANboxHihwHdQBF","refresh_token":"3p0dfaWrFHVm2GiyatAKtttBq12HXS","expiry":1613430003}
02/14/2021 12:56:30 pm - absPath = oauth.json
02/14/2021 12:56:30 pm - file read = {"access_token":"nHCjsdy4I9tp3nfCANboxHihwHdQBF","refresh_token":"3p0dfaWrFHVm2GiyatAKtttBq12HXS","expiry":1613430003}
